TN:
SF:C:\Users\Glenn\Documents\GitHub\mahjongmadness\src\polyfills.ts
FNF:0
FNH:0
DA:44,1
DA:45,1
DA:56,1
LF:3
LH:3
BRF:0
BRH:0
end_of_record
TN:
SF:C:\Users\Glenn\Documents\GitHub\mahjongmadness\src\test.ts
FN:20,(anonymous_0)
FNF:1
FNH:1
FNDA:1,(anonymous_0)
DA:3,1
DA:4,1
DA:5,1
DA:6,1
DA:7,1
DA:8,1
DA:9,1
DA:10,1
DA:20,1
DA:23,1
DA:28,1
DA:30,1
DA:32,1
LF:13
LH:13
BRF:0
BRH:0
end_of_record
TN:
SF:C:\Users\Glenn\Documents\GitHub\mahjongmadness\src\app\app.module.ts
FN:30,(anonymous_1)
FN:30,AppModule
FNF:2
FNH:2
FNDA:1,(anonymous_1)
FNDA:3,AppModule
DA:1,1
DA:2,1
DA:4,1
DA:5,1
DA:7,1
DA:8,1
DA:10,1
DA:30,1
LF:8
LH:8
BRF:0
BRH:0
end_of_record
TN:
SF:C:\Users\Glenn\Documents\GitHub\mahjongmadness\src\app\Game\Components\game-info\game-info.component.ts
FN:14,(anonymous_2)
FN:21,GameInfoComponent
FN:25,(anonymous_4)
FN:27,(anonymous_5)
FNF:4
FNH:3
FNDA:1,(anonymous_2)
FNDA:1,GameInfoComponent
FNDA:1,(anonymous_4)
FNDA:0,(anonymous_5)
DA:1,1
DA:2,1
DA:14,1
DA:15,1
DA:21,1
DA:25,1
DA:26,1
DA:27,0
DA:28,0
DA:33,1
LF:10
LH:8
BRDA:26,0,0,0
BRDA:26,0,1,1
BRDA:21,1,0,1
BRDA:21,1,1,0
BRDA:21,2,0,1
BRF:5
BRH:3
end_of_record
TN:
SF:C:\Users\Glenn\Documents\GitHub\mahjongmadness\src\app\Game\Components\play-game\play-game.component.ts
FN:16,(anonymous_2)
FN:22,PlayGameComponent
FN:23,(anonymous_4)
FN:31,(anonymous_5)
FN:32,(anonymous_6)
FNF:5
FNH:1
FNDA:1,(anonymous_2)
FNDA:0,PlayGameComponent
FNDA:0,(anonymous_4)
FNDA:0,(anonymous_5)
FNDA:0,(anonymous_6)
DA:1,1
DA:3,1
DA:4,1
DA:6,1
DA:16,1
DA:22,0
DA:23,0
DA:24,0
DA:26,0
DA:28,0
DA:31,1
DA:32,0
DA:33,0
DA:34,0
DA:38,1
LF:15
LH:7
BRDA:22,0,0,1
BRDA:22,0,1,0
BRDA:22,1,0,1
BRDA:22,2,0,1
BRDA:22,2,1,1
BRDA:22,2,2,0
BRDA:22,3,0,1
BRDA:22,3,1,1
BRDA:22,4,0,1
BRDA:22,4,1,1
BRDA:22,4,2,0
BRDA:22,5,0,1
BRDA:22,5,1,1
BRF:13
BRH:10
end_of_record
TN:
SF:C:\Users\Glenn\Documents\GitHub\mahjongmadness\src\app\Game\Components\template-game-board\template-game-board.component.ts
FN:18,(anonymous_2)
FN:22,TemplateGameBoardComponent
FN:25,(anonymous_4)
FNF:3
FNH:1
FNDA:1,(anonymous_2)
FNDA:0,TemplateGameBoardComponent
FNDA:0,(anonymous_4)
DA:4,1
DA:18,1
DA:20,1
DA:25,1
DA:27,1
LF:5
LH:5
BRF:0
BRH:0
end_of_record
TN:
SF:C:\Users\Glenn\Documents\GitHub\mahjongmadness\src\app\Game\Components\template-tile\template-tile.component.ts
FN:10,(anonymous_2)
FN:16,TemplateTileComponent
FN:18,(anonymous_4)
FNF:3
FNH:1
FNDA:1,(anonymous_2)
FNDA:0,TemplateTileComponent
FNDA:0,(anonymous_4)
DA:1,1
DA:2,1
DA:10,1
DA:12,1
DA:18,1
DA:22,1
LF:6
LH:6
BRDA:12,0,0,1
BRDA:12,0,1,0
BRDA:12,1,0,1
BRF:3
BRH:2
end_of_record
TN:
SF:C:\Users\Glenn\Documents\GitHub\mahjongmadness\src\app\Game\Components\tile\tile.component.ts
FN:12,(anonymous_2)
FN:19,TileComponent
FN:21,(anonymous_4)
FN:27,(anonymous_5)
FN:37,(anonymous_6)
FN:47,(anonymous_7)
FNF:6
FNH:1
FNDA:1,(anonymous_2)
FNDA:0,TileComponent
FNDA:0,(anonymous_4)
FNDA:0,(anonymous_5)
FNDA:0,(anonymous_6)
FNDA:0,(anonymous_7)
DA:1,1
DA:2,1
DA:3,1
DA:12,1
DA:14,1
DA:19,0
DA:21,1
DA:22,0
DA:23,0
DA:24,0
DA:27,1
DA:28,0
DA:29,0
DA:30,0
DA:33,0
DA:37,1
DA:38,0
DA:40,0
DA:41,0
DA:42,0
DA:43,0
DA:47,1
DA:48,0
DA:50,0
DA:51,0
DA:52,0
DA:53,0
DA:59,1
LF:28
LH:10
BRDA:29,0,0,0
BRDA:29,0,1,0
BRDA:40,1,0,0
BRDA:40,1,1,0
BRDA:50,2,0,0
BRDA:50,2,1,0
BRDA:14,3,0,1
BRDA:14,3,1,0
BRDA:14,4,0,1
BRDA:19,5,0,1
BRDA:19,5,1,0
BRDA:19,6,0,1
BRF:12
BRH:4
end_of_record
TN:
SF:C:\Users\Glenn\Documents\GitHub\mahjongmadness\src\app\Game\Models\tile.ts
FN:1,(anonymous_0)
FNF:1
FNH:1
FNDA:1,(anonymous_0)
DA:1,1
DA:14,1
LF:2
LH:2
BRF:0
BRH:0
end_of_record
TN:
SF:C:\Users\Glenn\Documents\GitHub\mahjongmadness\src\app\Game\Services\game-board.service.ts
FN:18,(anonymous_2)
FN:19,GameBoardService
FN:26,(anonymous_4)
FN:32,(anonymous_5)
FN:54,(anonymous_6)
FN:60,(anonymous_7)
FN:64,(anonymous_8)
FN:68,(anonymous_9)
FN:69,(anonymous_10)
FN:70,(anonymous_11)
FN:71,(anonymous_12)
FN:74,(anonymous_13)
FN:75,(anonymous_14)
FN:76,(anonymous_15)
FN:78,(anonymous_16)
FN:79,(anonymous_17)
FN:80,(anonymous_18)
FN:86,(anonymous_19)
FN:88,(anonymous_20)
FN:89,(anonymous_21)
FN:90,(anonymous_22)
FN:97,(anonymous_23)
FN:98,(anonymous_24)
FN:99,(anonymous_25)
FN:100,(anonymous_26)
FN:105,(anonymous_27)
FN:132,(anonymous_28)
FN:136,(anonymous_29)
FN:137,(anonymous_30)
FN:140,(anonymous_31)
FN:158,(anonymous_32)
FNF:31
FNH:1
FNDA:1,(anonymous_2)
FNDA:0,GameBoardService
FNDA:0,(anonymous_4)
FNDA:0,(anonymous_5)
FNDA:0,(anonymous_6)
FNDA:0,(anonymous_7)
FNDA:0,(anonymous_8)
FNDA:0,(anonymous_9)
FNDA:0,(anonymous_10)
FNDA:0,(anonymous_11)
FNDA:0,(anonymous_12)
FNDA:0,(anonymous_13)
FNDA:0,(anonymous_14)
FNDA:0,(anonymous_15)
FNDA:0,(anonymous_16)
FNDA:0,(anonymous_17)
FNDA:0,(anonymous_18)
FNDA:0,(anonymous_19)
FNDA:0,(anonymous_20)
FNDA:0,(anonymous_21)
FNDA:0,(anonymous_22)
FNDA:0,(anonymous_23)
FNDA:0,(anonymous_24)
FNDA:0,(anonymous_25)
FNDA:0,(anonymous_26)
FNDA:0,(anonymous_27)
FNDA:0,(anonymous_28)
FNDA:0,(anonymous_29)
FNDA:0,(anonymous_30)
FNDA:0,(anonymous_31)
FNDA:0,(anonymous_32)
DA:1,1
DA:7,1
DA:9,1
DA:10,1
DA:12,1
DA:13,1
DA:18,1
DA:19,0
DA:21,0
DA:26,1
DA:27,0
DA:28,0
DA:29,0
DA:32,1
DA:33,0
DA:35,0
DA:37,0
DA:38,0
DA:39,0
DA:40,0
DA:44,0
DA:48,0
DA:51,0
DA:54,1
DA:55,0
DA:56,0
DA:60,1
DA:61,0
DA:64,1
DA:65,0
DA:68,1
DA:69,0
DA:70,0
DA:71,0
DA:74,0
DA:75,0
DA:76,0
DA:78,0
DA:79,0
DA:80,0
DA:83,0
DA:86,1
DA:88,0
DA:89,0
DA:90,0
DA:94,0
DA:97,1
DA:98,0
DA:99,0
DA:100,0
DA:102,0
DA:105,1
DA:106,0
DA:107,0
DA:110,0
DA:114,0
DA:115,0
DA:117,0
DA:118,0
DA:120,0
DA:121,0
DA:123,0
DA:124,0
DA:127,0
DA:128,0
DA:132,1
DA:133,0
DA:136,1
DA:137,0
DA:140,1
DA:141,0
DA:147,0
DA:149,0
DA:158,1
DA:159,0
DA:160,0
DA:161,0
DA:163,1
LF:78
LH:21
BRDA:35,0,0,0
BRDA:35,0,1,0
BRDA:37,1,0,0
BRDA:37,1,1,0
BRDA:39,2,0,0
BRDA:39,2,1,0
BRDA:55,3,0,0
BRDA:55,3,1,0
BRDA:65,4,0,0
BRDA:65,4,1,0
BRDA:65,4,2,0
BRDA:69,5,0,0
BRDA:69,5,1,0
BRDA:69,5,2,0
BRDA:70,6,0,0
BRDA:70,6,1,0
BRDA:70,6,2,0
BRDA:71,7,0,0
BRDA:71,7,1,0
BRDA:71,7,2,0
BRDA:74,8,0,0
BRDA:74,8,1,0
BRDA:74,8,2,0
BRDA:75,9,0,0
BRDA:75,9,1,0
BRDA:75,9,2,0
BRDA:76,10,0,0
BRDA:76,10,1,0
BRDA:76,10,2,0
BRDA:78,11,0,0
BRDA:78,11,1,0
BRDA:78,11,2,0
BRDA:79,12,0,0
BRDA:79,12,1,0
BRDA:79,12,2,0
BRDA:80,13,0,0
BRDA:80,13,1,0
BRDA:80,13,2,0
BRDA:83,14,0,0
BRDA:83,14,1,0
BRDA:83,14,2,0
BRDA:83,14,3,0
BRDA:83,14,4,0
BRDA:83,14,5,0
BRDA:83,14,6,0
BRDA:83,14,7,0
BRDA:83,14,8,0
BRDA:88,15,0,0
BRDA:88,15,1,0
BRDA:88,15,2,0
BRDA:89,16,0,0
BRDA:89,16,1,0
BRDA:89,16,2,0
BRDA:90,17,0,0
BRDA:90,17,1,0
BRDA:90,17,2,0
BRDA:94,18,0,0
BRDA:94,18,1,0
BRDA:94,18,2,0
BRDA:98,19,0,0
BRDA:98,19,1,0
BRDA:98,19,2,0
BRDA:99,20,0,0
BRDA:99,20,1,0
BRDA:99,20,2,0
BRDA:100,21,0,0
BRDA:100,21,1,0
BRDA:100,21,2,0
BRDA:102,22,0,0
BRDA:102,22,1,0
BRDA:102,22,2,0
BRDA:106,23,0,0
BRDA:106,23,1,0
BRDA:110,24,0,0
BRDA:110,24,1,0
BRDA:110,25,0,0
BRDA:110,25,1,0
BRDA:161,26,0,0
BRDA:161,26,1,0
BRDA:19,27,0,1
BRDA:19,27,1,0
BRDA:19,28,0,1
BRDA:19,29,0,1
BRDA:19,29,1,1
BRDA:19,29,2,0
BRDA:19,30,0,1
BRDA:19,30,1,1
BRF:87
BRH:6
end_of_record
TN:
SF:C:\Users\Glenn\Documents\GitHub\mahjongmadness\src\app\Game\services\game-board.service.ts
FN:18,(anonymous_2)
FN:19,GameBoardService
FN:26,(anonymous_4)
FN:32,(anonymous_5)
FN:54,(anonymous_6)
FN:60,(anonymous_7)
FN:64,(anonymous_8)
FN:68,(anonymous_9)
FN:69,(anonymous_10)
FN:70,(anonymous_11)
FN:71,(anonymous_12)
FN:74,(anonymous_13)
FN:75,(anonymous_14)
FN:76,(anonymous_15)
FN:78,(anonymous_16)
FN:79,(anonymous_17)
FN:80,(anonymous_18)
FN:86,(anonymous_19)
FN:88,(anonymous_20)
FN:89,(anonymous_21)
FN:90,(anonymous_22)
FN:97,(anonymous_23)
FN:98,(anonymous_24)
FN:99,(anonymous_25)
FN:100,(anonymous_26)
FN:105,(anonymous_27)
FN:132,(anonymous_28)
FN:136,(anonymous_29)
FN:137,(anonymous_30)
FN:140,(anonymous_31)
FN:158,(anonymous_32)
FNF:31
FNH:1
FNDA:1,(anonymous_2)
FNDA:0,GameBoardService
FNDA:0,(anonymous_4)
FNDA:0,(anonymous_5)
FNDA:0,(anonymous_6)
FNDA:0,(anonymous_7)
FNDA:0,(anonymous_8)
FNDA:0,(anonymous_9)
FNDA:0,(anonymous_10)
FNDA:0,(anonymous_11)
FNDA:0,(anonymous_12)
FNDA:0,(anonymous_13)
FNDA:0,(anonymous_14)
FNDA:0,(anonymous_15)
FNDA:0,(anonymous_16)
FNDA:0,(anonymous_17)
FNDA:0,(anonymous_18)
FNDA:0,(anonymous_19)
FNDA:0,(anonymous_20)
FNDA:0,(anonymous_21)
FNDA:0,(anonymous_22)
FNDA:0,(anonymous_23)
FNDA:0,(anonymous_24)
FNDA:0,(anonymous_25)
FNDA:0,(anonymous_26)
FNDA:0,(anonymous_27)
FNDA:0,(anonymous_28)
FNDA:0,(anonymous_29)
FNDA:0,(anonymous_30)
FNDA:0,(anonymous_31)
FNDA:0,(anonymous_32)
DA:1,1
DA:7,1
DA:9,1
DA:10,1
DA:12,1
DA:13,1
DA:18,1
DA:19,0
DA:21,0
DA:26,1
DA:27,0
DA:28,0
DA:29,0
DA:32,1
DA:33,0
DA:35,0
DA:37,0
DA:38,0
DA:39,0
DA:40,0
DA:44,0
DA:48,0
DA:51,0
DA:54,1
DA:55,0
DA:56,0
DA:60,1
DA:61,0
DA:64,1
DA:65,0
DA:68,1
DA:69,0
DA:70,0
DA:71,0
DA:74,0
DA:75,0
DA:76,0
DA:78,0
DA:79,0
DA:80,0
DA:83,0
DA:86,1
DA:88,0
DA:89,0
DA:90,0
DA:94,0
DA:97,1
DA:98,0
DA:99,0
DA:100,0
DA:102,0
DA:105,1
DA:106,0
DA:107,0
DA:110,0
DA:114,0
DA:115,0
DA:117,0
DA:118,0
DA:120,0
DA:121,0
DA:123,0
DA:124,0
DA:127,0
DA:128,0
DA:132,1
DA:133,0
DA:136,1
DA:137,0
DA:140,1
DA:141,0
DA:147,0
DA:149,0
DA:158,1
DA:159,0
DA:160,0
DA:161,0
DA:163,1
LF:78
LH:21
BRDA:35,0,0,0
BRDA:35,0,1,0
BRDA:37,1,0,0
BRDA:37,1,1,0
BRDA:39,2,0,0
BRDA:39,2,1,0
BRDA:55,3,0,0
BRDA:55,3,1,0
BRDA:65,4,0,0
BRDA:65,4,1,0
BRDA:65,4,2,0
BRDA:69,5,0,0
BRDA:69,5,1,0
BRDA:69,5,2,0
BRDA:70,6,0,0
BRDA:70,6,1,0
BRDA:70,6,2,0
BRDA:71,7,0,0
BRDA:71,7,1,0
BRDA:71,7,2,0
BRDA:74,8,0,0
BRDA:74,8,1,0
BRDA:74,8,2,0
BRDA:75,9,0,0
BRDA:75,9,1,0
BRDA:75,9,2,0
BRDA:76,10,0,0
BRDA:76,10,1,0
BRDA:76,10,2,0
BRDA:78,11,0,0
BRDA:78,11,1,0
BRDA:78,11,2,0
BRDA:79,12,0,0
BRDA:79,12,1,0
BRDA:79,12,2,0
BRDA:80,13,0,0
BRDA:80,13,1,0
BRDA:80,13,2,0
BRDA:83,14,0,0
BRDA:83,14,1,0
BRDA:83,14,2,0
BRDA:83,14,3,0
BRDA:83,14,4,0
BRDA:83,14,5,0
BRDA:83,14,6,0
BRDA:83,14,7,0
BRDA:83,14,8,0
BRDA:88,15,0,0
BRDA:88,15,1,0
BRDA:88,15,2,0
BRDA:89,16,0,0
BRDA:89,16,1,0
BRDA:89,16,2,0
BRDA:90,17,0,0
BRDA:90,17,1,0
BRDA:90,17,2,0
BRDA:94,18,0,0
BRDA:94,18,1,0
BRDA:94,18,2,0
BRDA:98,19,0,0
BRDA:98,19,1,0
BRDA:98,19,2,0
BRDA:99,20,0,0
BRDA:99,20,1,0
BRDA:99,20,2,0
BRDA:100,21,0,0
BRDA:100,21,1,0
BRDA:100,21,2,0
BRDA:102,22,0,0
BRDA:102,22,1,0
BRDA:102,22,2,0
BRDA:106,23,0,0
BRDA:106,23,1,0
BRDA:110,24,0,0
BRDA:110,24,1,0
BRDA:110,25,0,0
BRDA:110,25,1,0
BRDA:161,26,0,0
BRDA:161,26,1,0
BRDA:19,27,0,1
BRDA:19,27,1,0
BRDA:19,28,0,1
BRDA:19,29,0,1
BRDA:19,29,1,1
BRDA:19,29,2,0
BRDA:19,30,0,1
BRDA:19,30,1,1
BRF:87
BRH:6
end_of_record
TN:
SF:C:\Users\Glenn\Documents\GitHub\mahjongmadness\src\app\Shared\Modules\majestic-md.module.ts
FN:33,(anonymous_1)
FN:33,MajesticMdModule
FNF:2
FNH:2
FNDA:1,(anonymous_1)
FNDA:5,MajesticMdModule
DA:1,1
DA:2,1
DA:33,1
LF:3
LH:3
BRF:0
BRH:0
end_of_record
TN:
SF:C:\Users\Glenn\Documents\GitHub\mahjongmadness\src\app\Shared\Modules\majestic-shared.module.ts
FN:37,(anonymous_1)
FN:37,MajesticSharedModule
FNF:2
FNH:2
FNDA:1,(anonymous_1)
FNDA:5,MajesticSharedModule
DA:1,1
DA:3,1
DA:4,1
DA:5,1
DA:6,1
DA:8,1
DA:10,1
DA:11,1
DA:37,1
LF:9
LH:9
BRF:0
BRH:0
end_of_record
TN:
SF:C:\Users\Glenn\Documents\GitHub\mahjongmadness\src\app\Shared\Services\auth.service.ts
FN:10,(anonymous_2)
FN:11,AuthService
FN:29,(anonymous_4)
FN:39,(anonymous_5)
FN:50,(anonymous_6)
FN:61,(anonymous_7)
FNF:6
FNH:1
FNDA:1,(anonymous_2)
FNDA:0,AuthService
FNDA:0,(anonymous_4)
FNDA:0,(anonymous_5)
FNDA:0,(anonymous_6)
FNDA:0,(anonymous_7)
DA:1,1
DA:4,1
DA:5,1
DA:6,1
DA:7,1
DA:10,1
DA:12,0
DA:15,0
DA:16,0
DA:17,0
DA:22,0
DA:23,0
DA:29,1
DA:30,0
DA:31,0
DA:32,0
DA:33,0
DA:34,0
DA:36,0
DA:39,1
DA:40,0
DA:41,0
DA:42,0
DA:44,0
DA:45,0
DA:47,0
DA:50,1
DA:51,0
DA:52,0
DA:53,0
DA:55,0
DA:56,0
DA:61,1
DA:62,0
DA:63,0
DA:64,0
DA:67,1
LF:37
LH:11
BRDA:51,0,0,0
BRDA:51,0,1,0
BRDA:51,1,0,0
BRDA:51,1,1,0
BRDA:55,2,0,0
BRDA:55,2,1,0
BRDA:55,3,0,0
BRDA:55,3,1,0
BRDA:62,4,0,0
BRDA:62,4,1,0
BRDA:62,5,0,0
BRDA:62,5,1,0
BRF:12
BRH:0
end_of_record
TN:
SF:C:\Users\Glenn\Documents\GitHub\mahjongmadness\src\app\Shared\Services\game.service.ts
FN:15,(anonymous_2)
FN:20,GameService
FN:22,(anonymous_4)
FN:27,(anonymous_5)
FN:32,(anonymous_6)
FN:37,(anonymous_7)
FN:55,(anonymous_8)
FN:69,(anonymous_9)
FN:82,(anonymous_10)
FN:96,(anonymous_11)
FN:110,(anonymous_12)
FNF:11
FNH:1
FNDA:1,(anonymous_2)
FNDA:0,GameService
FNDA:0,(anonymous_4)
FNDA:0,(anonymous_5)
FNDA:0,(anonymous_6)
FNDA:0,(anonymous_7)
FNDA:0,(anonymous_8)
FNDA:0,(anonymous_9)
FNDA:0,(anonymous_10)
FNDA:0,(anonymous_11)
FNDA:0,(anonymous_12)
DA:1,1
DA:6,1
DA:8,1
DA:9,1
DA:10,1
DA:11,1
DA:15,1
DA:16,0
DA:20,0
DA:22,1
DA:23,0
DA:27,1
DA:28,0
DA:32,1
DA:33,0
DA:37,1
DA:38,0
DA:44,0
DA:46,0
DA:55,1
DA:56,0
DA:62,0
DA:64,0
DA:69,1
DA:70,0
DA:76,0
DA:78,0
DA:82,1
DA:83,0
DA:89,0
DA:91,0
DA:96,1
DA:97,0
DA:103,0
DA:105,0
DA:110,1
DA:111,0
DA:112,0
DA:113,0
DA:115,1
LF:40
LH:17
BRDA:113,0,0,0
BRDA:113,0,1,0
BRDA:20,1,0,1
BRDA:20,1,1,0
BRDA:20,2,0,1
BRDA:20,3,0,1
BRDA:20,3,1,1
BRDA:20,3,2,0
BRDA:20,4,0,1
BRDA:20,4,1,1
BRF:10
BRH:6
end_of_record
TN:
SF:C:\Users\Glenn\Documents\GitHub\mahjongmadness\src\app\Shared\Services\tile.service.ts
FN:14,(anonymous_2)
FN:20,TileService
FN:22,(anonymous_4)
FN:26,(anonymous_5)
FN:50,(anonymous_6)
FNF:5
FNH:1
FNDA:1,(anonymous_2)
FNDA:0,TileService
FNDA:0,(anonymous_4)
FNDA:0,(anonymous_5)
FNDA:0,(anonymous_6)
DA:1,1
DA:5,1
DA:7,1
DA:8,1
DA:11,1
DA:14,1
DA:15,0
DA:20,0
DA:22,1
DA:23,0
DA:26,1
DA:28,0
DA:50,1
DA:51,0
DA:52,0
DA:53,0
DA:55,1
LF:17
LH:10
BRDA:53,0,0,0
BRDA:53,0,1,0
BRDA:20,1,0,1
BRDA:20,1,1,0
BRDA:20,2,0,1
BRDA:20,3,0,1
BRDA:20,3,1,1
BRDA:20,3,2,0
BRDA:20,4,0,1
BRDA:20,4,1,1
BRF:10
BRH:6
end_of_record
TN:
SF:C:\Users\Glenn\Documents\GitHub\mahjongmadness\src\app\Shell\Components\App\app.component.ts
FN:9,(anonymous_2)
FN:10,AppComponent
FN:17,(anonymous_4)
FN:19,(anonymous_5)
FNF:4
FNH:2
FNDA:1,(anonymous_2)
FNDA:3,AppComponent
FNDA:0,(anonymous_4)
FNDA:0,(anonymous_5)
DA:1,1
DA:2,1
DA:9,1
DA:10,3
DA:11,3
DA:15,3
DA:17,1
DA:18,0
DA:20,0
DA:23,1
LF:10
LH:8
BRDA:10,0,0,1
BRDA:10,0,1,0
BRDA:10,1,0,1
BRF:3
BRH:2
end_of_record
TN:
SF:C:\Users\Glenn\Documents\GitHub\mahjongmadness\src\app\Shell\Components\Callback\auth-callback.component.ts
FN:11,(anonymous_2)
FN:12,AuthCallbackComponent
FN:14,(anonymous_4)
FNF:3
FNH:1
FNDA:1,(anonymous_2)
FNDA:0,AuthCallbackComponent
FNDA:0,(anonymous_4)
DA:1,1
DA:2,1
DA:3,1
DA:5,1
DA:11,1
DA:12,0
DA:14,1
DA:15,0
DA:16,0
DA:18,0
DA:19,0
DA:21,0
DA:23,1
LF:13
LH:7
BRDA:18,0,0,0
BRDA:18,0,1,0
BRDA:12,1,0,1
BRDA:12,1,1,0
BRDA:12,2,0,1
BRDA:12,3,0,1
BRDA:12,3,1,1
BRDA:12,3,2,0
BRDA:12,4,0,1
BRDA:12,4,1,1
BRDA:12,5,0,1
BRDA:12,5,1,1
BRDA:12,5,2,0
BRDA:12,6,0,1
BRDA:12,6,1,1
BRF:15
BRH:10
end_of_record
TN:
SF:C:\Users\Glenn\Documents\GitHub\mahjongmadness\src\app\Shell\Modules\app-routing.module.ts
FN:31,(anonymous_1)
FN:31,AppRoutingModule
FNF:2
FNH:2
FNDA:1,(anonymous_1)
FNDA:3,AppRoutingModule
DA:1,1
DA:2,1
DA:4,1
DA:9,1
DA:11,1
DA:31,1
LF:6
LH:6
BRF:0
BRH:0
end_of_record
TN:
SF:C:\Users\Glenn\Documents\GitHub\mahjongmadness\src\app\shared\Services\auth-guard.service.ts
FN:11,(anonymous_2)
FN:12,AuthGuard
FN:14,(anonymous_4)
FN:20,(anonymous_5)
FNF:4
FNH:1
FNDA:1,(anonymous_2)
FNDA:0,AuthGuard
FNDA:0,(anonymous_4)
FNDA:0,(anonymous_5)
DA:1,1
DA:2,1
DA:7,1
DA:8,1
DA:11,1
DA:12,0
DA:14,1
DA:15,0
DA:17,0
DA:20,1
DA:21,0
DA:24,0
DA:27,0
DA:29,0
DA:31,1
LF:15
LH:8
BRDA:21,0,0,0
BRDA:21,0,1,0
BRDA:12,1,0,1
BRDA:12,1,1,0
BRDA:12,2,0,1
BRDA:12,3,0,1
BRDA:12,3,1,1
BRDA:12,3,2,0
BRDA:12,4,0,1
BRDA:12,4,1,1
BRDA:12,5,0,1
BRDA:12,5,1,1
BRDA:12,5,2,0
BRDA:12,6,0,1
BRDA:12,6,1,1
BRF:15
BRH:10
end_of_record
TN:
SF:C:\Users\Glenn\Documents\GitHub\mahjongmadness\src\app\shared\Services\auth.service.ts
FN:10,(anonymous_2)
FN:11,AuthService
FN:29,(anonymous_4)
FN:39,(anonymous_5)
FN:50,(anonymous_6)
FN:61,(anonymous_7)
FNF:6
FNH:3
FNDA:1,(anonymous_2)
FNDA:3,AuthService
FNDA:0,(anonymous_4)
FNDA:0,(anonymous_5)
FNDA:3,(anonymous_6)
FNDA:0,(anonymous_7)
DA:1,1
DA:4,1
DA:5,1
DA:6,1
DA:7,1
DA:10,1
DA:12,3
DA:15,3
DA:16,3
DA:17,3
DA:22,3
DA:23,3
DA:29,1
DA:30,0
DA:31,0
DA:32,0
DA:33,0
DA:34,0
DA:36,0
DA:39,1
DA:40,0
DA:41,0
DA:42,0
DA:44,0
DA:45,0
DA:47,0
DA:50,1
DA:51,3
DA:52,3
DA:53,3
DA:55,3
DA:56,0
DA:61,1
DA:62,0
DA:63,0
DA:64,0
DA:67,1
LF:37
LH:21
BRDA:51,0,0,3
BRDA:51,0,1,0
BRDA:51,1,0,3
BRDA:51,1,1,3
BRDA:55,2,0,0
BRDA:55,2,1,3
BRDA:55,3,0,3
BRDA:55,3,1,0
BRDA:62,4,0,0
BRDA:62,4,1,0
BRDA:62,5,0,0
BRDA:62,5,1,0
BRF:12
BRH:5
end_of_record
TN:
SF:C:\Users\Glenn\Documents\GitHub\mahjongmadness\src\app\shared\Services\game.service.ts
FN:15,(anonymous_2)
FN:20,GameService
FN:22,(anonymous_4)
FN:27,(anonymous_5)
FN:32,(anonymous_6)
FN:37,(anonymous_7)
FN:55,(anonymous_8)
FN:69,(anonymous_9)
FN:82,(anonymous_10)
FN:96,(anonymous_11)
FN:110,(anonymous_12)
FNF:11
FNH:1
FNDA:1,(anonymous_2)
FNDA:0,GameService
FNDA:0,(anonymous_4)
FNDA:0,(anonymous_5)
FNDA:0,(anonymous_6)
FNDA:0,(anonymous_7)
FNDA:0,(anonymous_8)
FNDA:0,(anonymous_9)
FNDA:0,(anonymous_10)
FNDA:0,(anonymous_11)
FNDA:0,(anonymous_12)
DA:1,1
DA:6,1
DA:8,1
DA:9,1
DA:10,1
DA:11,1
DA:15,1
DA:16,0
DA:20,0
DA:22,1
DA:23,0
DA:27,1
DA:28,0
DA:32,1
DA:33,0
DA:37,1
DA:38,0
DA:44,0
DA:46,0
DA:55,1
DA:56,0
DA:62,0
DA:64,0
DA:69,1
DA:70,0
DA:76,0
DA:78,0
DA:82,1
DA:83,0
DA:89,0
DA:91,0
DA:96,1
DA:97,0
DA:103,0
DA:105,0
DA:110,1
DA:111,0
DA:112,0
DA:113,0
DA:115,1
LF:40
LH:17
BRDA:113,0,0,0
BRDA:113,0,1,0
BRDA:20,1,0,1
BRDA:20,1,1,0
BRDA:20,2,0,1
BRDA:20,3,0,1
BRDA:20,3,1,1
BRDA:20,3,2,0
BRDA:20,4,0,1
BRDA:20,4,1,1
BRF:10
BRH:6
end_of_record
TN:
SF:C:\Users\Glenn\Documents\GitHub\mahjongmadness\src\app\shared\Services\tile.service.ts
FN:14,(anonymous_2)
FN:20,TileService
FN:22,(anonymous_4)
FN:26,(anonymous_5)
FN:50,(anonymous_6)
FNF:5
FNH:1
FNDA:1,(anonymous_2)
FNDA:0,TileService
FNDA:0,(anonymous_4)
FNDA:0,(anonymous_5)
FNDA:0,(anonymous_6)
DA:1,1
DA:5,1
DA:7,1
DA:8,1
DA:11,1
DA:14,1
DA:15,0
DA:20,0
DA:22,1
DA:23,0
DA:26,1
DA:28,0
DA:50,1
DA:51,0
DA:52,0
DA:53,0
DA:55,1
LF:17
LH:10
BRDA:53,0,0,0
BRDA:53,0,1,0
BRDA:20,1,0,1
BRDA:20,1,1,0
BRDA:20,2,0,1
BRDA:20,3,0,1
BRDA:20,3,1,1
BRDA:20,3,2,0
BRDA:20,4,0,1
BRDA:20,4,1,1
BRF:10
BRH:6
end_of_record
TN:
SF:C:\Users\Glenn\Documents\GitHub\mahjongmadness\src\app\shared\modules\majestic-md.module.ts
FN:33,(anonymous_1)
FN:33,MajesticMdModule
FNF:2
FNH:2
FNDA:1,(anonymous_1)
FNDA:3,MajesticMdModule
DA:1,1
DA:2,1
DA:33,1
LF:3
LH:3
BRF:0
BRH:0
end_of_record
TN:
SF:C:\Users\Glenn\Documents\GitHub\mahjongmadness\src\app\shared\modules\majestic-shared.module.ts
FN:37,(anonymous_1)
FN:37,MajesticSharedModule
FNF:2
FNH:2
FNDA:1,(anonymous_1)
FNDA:3,MajesticSharedModule
DA:1,1
DA:3,1
DA:4,1
DA:5,1
DA:6,1
DA:8,1
DA:10,1
DA:11,1
DA:37,1
LF:9
LH:9
BRF:0
BRH:0
end_of_record
TN:
SF:C:\Users\Glenn\Documents\GitHub\mahjongmadness\src\app\shell\Components\callback\auth-callback.component.ts
FN:11,(anonymous_2)
FN:12,AuthCallbackComponent
FN:14,(anonymous_4)
FNF:3
FNH:1
FNDA:1,(anonymous_2)
FNDA:0,AuthCallbackComponent
FNDA:0,(anonymous_4)
DA:1,1
DA:2,1
DA:3,1
DA:5,1
DA:11,1
DA:12,0
DA:14,1
DA:15,0
DA:16,0
DA:18,0
DA:19,0
DA:21,0
DA:23,1
LF:13
LH:7
BRDA:18,0,0,0
BRDA:18,0,1,0
BRDA:12,1,0,1
BRDA:12,1,1,0
BRDA:12,2,0,1
BRDA:12,3,0,1
BRDA:12,3,1,1
BRDA:12,3,2,0
BRDA:12,4,0,1
BRDA:12,4,1,1
BRDA:12,5,0,1
BRDA:12,5,1,1
BRDA:12,5,2,0
BRDA:12,6,0,1
BRDA:12,6,1,1
BRF:15
BRH:10
end_of_record
TN:
SF:C:\Users\Glenn\Documents\GitHub\mahjongmadness\src\app\shell\components\app\app.component.ts
FN:9,(anonymous_2)
FN:10,AppComponent
FN:17,(anonymous_4)
FN:19,(anonymous_5)
FNF:4
FNH:1
FNDA:1,(anonymous_2)
FNDA:0,AppComponent
FNDA:0,(anonymous_4)
FNDA:0,(anonymous_5)
DA:1,1
DA:2,1
DA:9,1
DA:10,0
DA:11,0
DA:15,0
DA:17,1
DA:18,0
DA:20,0
DA:23,1
LF:10
LH:5
BRDA:10,0,0,1
BRDA:10,0,1,0
BRDA:10,1,0,1
BRF:3
BRH:2
end_of_record
TN:
SF:C:\Users\Glenn\Documents\GitHub\mahjongmadness\src\app\shell\modules\app-routing.module.ts
FN:31,(anonymous_1)
FN:31,AppRoutingModule
FNF:2
FNH:2
FNDA:1,(anonymous_1)
FNDA:3,AppRoutingModule
DA:1,1
DA:2,1
DA:4,1
DA:9,1
DA:11,1
DA:31,1
LF:6
LH:6
BRF:0
BRH:0
end_of_record
