TN:
SF:C:\Users\Glenn\Documents\GitHub\mahjongmadness\src\polyfills.ts
FNF:0
FNH:0
DA:44,1
DA:45,1
DA:56,1
LF:3
LH:3
BRF:0
BRH:0
end_of_record
TN:
SF:C:\Users\Glenn\Documents\GitHub\mahjongmadness\src\test.ts
FN:20,(anonymous_0)
FNF:1
FNH:1
FNDA:1,(anonymous_0)
DA:3,1
DA:4,1
DA:5,1
DA:6,1
DA:7,1
DA:8,1
DA:9,1
DA:10,1
DA:20,1
DA:23,1
DA:28,1
DA:30,1
DA:32,1
LF:13
LH:13
BRF:0
BRH:0
end_of_record
TN:
SF:C:\Users\Glenn\Documents\GitHub\mahjongmadness\src\app\app.module.ts
FN:32,(anonymous_1)
FN:32,AppModule
FNF:2
FNH:2
FNDA:1,(anonymous_1)
FNDA:3,AppModule
DA:1,1
DA:2,1
DA:4,1
DA:5,1
DA:7,1
DA:8,1
DA:10,1
DA:11,1
DA:32,1
LF:9
LH:9
BRF:0
BRH:0
end_of_record
TN:
SF:C:\Users\Glenn\Documents\GitHub\mahjongmadness\src\app\Browse\Components\my-games\my-games.component.ts
FN:11,(anonymous_2)
FN:12,MyGamesComponent
FN:17,(anonymous_4)
FN:18,(anonymous_5)
FN:23,(anonymous_6)
FN:28,(anonymous_7)
FN:29,(anonymous_8)
FN:32,(anonymous_9)
FN:36,(anonymous_10)
FNF:9
FNH:1
FNDA:1,(anonymous_2)
FNDA:0,MyGamesComponent
FNDA:0,(anonymous_4)
FNDA:0,(anonymous_5)
FNDA:0,(anonymous_6)
FNDA:0,(anonymous_7)
FNDA:0,(anonymous_8)
FNDA:0,(anonymous_9)
FNDA:0,(anonymous_10)
DA:1,1
DA:2,1
DA:11,1
DA:12,0
DA:17,1
DA:18,0
DA:19,0
DA:23,1
DA:24,0
DA:25,0
DA:28,1
DA:29,0
DA:32,1
DA:33,0
DA:36,1
DA:37,0
DA:39,1
LF:17
LH:9
BRDA:12,0,0,1
BRDA:12,0,1,0
BRDA:12,1,0,1
BRF:3
BRH:2
end_of_record
TN:
SF:C:\Users\Glenn\Documents\GitHub\mahjongmadness\src\app\Game\Components\game-info\game-info.component.ts
FN:14,(anonymous_2)
FN:21,GameInfoComponent
FN:25,(anonymous_4)
FNF:3
FNH:3
FNDA:1,(anonymous_2)
FNDA:1,GameInfoComponent
FNDA:1,(anonymous_4)
DA:1,1
DA:14,1
DA:16,1
DA:25,1
DA:28,1
LF:5
LH:5
BRF:0
BRH:0
end_of_record
TN:
SF:C:\Users\Glenn\Documents\GitHub\mahjongmadness\src\app\Game\Components\play-game\play-game.component.ts
FN:17,(anonymous_2)
FN:25,PlayGameComponent
FN:26,(anonymous_4)
FN:34,(anonymous_5)
FN:35,(anonymous_6)
FN:36,(anonymous_7)
FN:43,(anonymous_8)
FN:49,(anonymous_9)
FN:52,(anonymous_10)
FN:61,(anonymous_11)
FNF:10
FNH:1
FNDA:1,(anonymous_2)
FNDA:0,PlayGameComponent
FNDA:0,(anonymous_4)
FNDA:0,(anonymous_5)
FNDA:0,(anonymous_6)
FNDA:0,(anonymous_7)
FNDA:0,(anonymous_8)
FNDA:0,(anonymous_9)
FNDA:0,(anonymous_10)
FNDA:0,(anonymous_11)
DA:1,1
DA:3,1
DA:4,1
DA:6,1
DA:8,1
DA:17,1
DA:25,0
DA:26,0
DA:27,0
DA:29,0
DA:31,0
DA:34,1
DA:35,0
DA:36,0
DA:37,0
DA:38,0
DA:41,0
DA:42,0
DA:43,0
DA:44,0
DA:48,0
DA:50,0
DA:51,0
DA:52,0
DA:53,0
DA:54,0
DA:61,0
DA:62,0
DA:63,0
DA:69,1
LF:30
LH:8
BRDA:37,0,0,0
BRDA:37,0,1,0
BRDA:50,1,0,0
BRDA:50,1,1,0
BRDA:53,2,0,0
BRDA:53,2,1,0
BRDA:25,3,0,1
BRDA:25,3,1,0
BRDA:25,4,0,1
BRDA:25,5,0,1
BRDA:25,5,1,1
BRDA:25,5,2,0
BRDA:25,6,0,1
BRDA:25,6,1,1
BRDA:25,7,0,1
BRDA:25,7,1,1
BRDA:25,7,2,0
BRDA:25,8,0,1
BRDA:25,8,1,1
BRDA:25,9,0,1
BRDA:25,9,1,1
BRDA:25,9,2,0
BRDA:25,10,0,1
BRDA:25,10,1,1
BRF:24
BRH:14
end_of_record
TN:
SF:C:\Users\Glenn\Documents\GitHub\mahjongmadness\src\app\Game\Components\template-tile\template-tile.component.ts
FN:10,(anonymous_2)
FN:16,TemplateTileComponent
FN:18,(anonymous_4)
FNF:3
FNH:3
FNDA:1,(anonymous_2)
FNDA:1,TemplateTileComponent
FNDA:1,(anonymous_4)
DA:1,1
DA:2,1
DA:10,1
DA:12,1
DA:18,1
DA:22,1
LF:6
LH:6
BRDA:12,0,0,1
BRDA:12,0,1,0
BRDA:12,1,0,1
BRF:3
BRH:2
end_of_record
TN:
SF:C:\Users\Glenn\Documents\GitHub\mahjongmadness\src\app\Game\Components\tile\tile.component.ts
FN:13,(anonymous_2)
FN:20,TileComponent
FN:22,(anonymous_4)
FN:31,(anonymous_5)
FN:44,(anonymous_6)
FN:57,(anonymous_7)
FNF:6
FNH:5
FNDA:1,(anonymous_2)
FNDA:4,TileComponent
FNDA:4,(anonymous_4)
FNDA:1,(anonymous_5)
FNDA:0,(anonymous_6)
FNDA:1,(anonymous_7)
DA:1,1
DA:2,1
DA:3,1
DA:4,1
DA:13,1
DA:15,1
DA:20,4
DA:22,1
DA:23,4
DA:24,0
DA:25,0
DA:26,0
DA:31,1
DA:32,1
DA:34,0
DA:35,0
DA:36,0
DA:39,0
DA:44,1
DA:45,0
DA:47,0
DA:49,0
DA:50,0
DA:51,0
DA:52,0
DA:57,1
DA:58,1
DA:60,0
DA:62,0
DA:63,0
DA:64,0
DA:65,0
DA:72,1
LF:33
LH:15
BRDA:23,0,0,0
BRDA:23,0,1,4
BRDA:32,1,0,0
BRDA:32,1,1,1
BRDA:35,2,0,0
BRDA:35,2,1,0
BRDA:45,3,0,0
BRDA:45,3,1,0
BRDA:49,4,0,0
BRDA:49,4,1,0
BRDA:58,5,0,0
BRDA:58,5,1,1
BRDA:62,6,0,0
BRDA:62,6,1,0
BRDA:15,7,0,1
BRDA:15,7,1,0
BRDA:15,8,0,1
BRDA:20,9,0,1
BRDA:20,9,1,0
BRDA:20,10,0,1
BRF:20
BRH:7
end_of_record
TN:
SF:C:\Users\Glenn\Documents\GitHub\mahjongmadness\src\app\Game\Models\tile.ts
FN:1,(anonymous_0)
FNF:1
FNH:1
FNDA:1,(anonymous_0)
DA:1,1
DA:14,1
LF:2
LH:2
BRF:0
BRH:0
end_of_record
TN:
SF:C:\Users\Glenn\Documents\GitHub\mahjongmadness\src\app\Game\Services\game-board.service.ts
FN:24,(anonymous_2)
FN:25,GameBoardService
FN:38,(anonymous_4)
FN:48,(anonymous_5)
FN:65,(anonymous_6)
FN:70,(anonymous_7)
FN:92,(anonymous_8)
FN:98,(anonymous_9)
FN:102,(anonymous_10)
FN:106,(anonymous_11)
FN:107,(anonymous_12)
FN:108,(anonymous_13)
FN:109,(anonymous_14)
FN:112,(anonymous_15)
FN:113,(anonymous_16)
FN:114,(anonymous_17)
FN:116,(anonymous_18)
FN:117,(anonymous_19)
FN:118,(anonymous_20)
FN:124,(anonymous_21)
FN:126,(anonymous_22)
FN:127,(anonymous_23)
FN:128,(anonymous_24)
FN:135,(anonymous_25)
FN:136,(anonymous_26)
FN:137,(anonymous_27)
FN:138,(anonymous_28)
FN:143,(anonymous_29)
FN:175,(anonymous_30)
FN:179,(anonymous_31)
FN:180,(anonymous_32)
FN:183,(anonymous_33)
FN:201,(anonymous_34)
FNF:33
FNH:1
FNDA:1,(anonymous_2)
FNDA:0,GameBoardService
FNDA:0,(anonymous_4)
FNDA:0,(anonymous_5)
FNDA:0,(anonymous_6)
FNDA:0,(anonymous_7)
FNDA:0,(anonymous_8)
FNDA:0,(anonymous_9)
FNDA:0,(anonymous_10)
FNDA:0,(anonymous_11)
FNDA:0,(anonymous_12)
FNDA:0,(anonymous_13)
FNDA:0,(anonymous_14)
FNDA:0,(anonymous_15)
FNDA:0,(anonymous_16)
FNDA:0,(anonymous_17)
FNDA:0,(anonymous_18)
FNDA:0,(anonymous_19)
FNDA:0,(anonymous_20)
FNDA:0,(anonymous_21)
FNDA:0,(anonymous_22)
FNDA:0,(anonymous_23)
FNDA:0,(anonymous_24)
FNDA:0,(anonymous_25)
FNDA:0,(anonymous_26)
FNDA:0,(anonymous_27)
FNDA:0,(anonymous_28)
FNDA:0,(anonymous_29)
FNDA:0,(anonymous_30)
FNDA:0,(anonymous_31)
FNDA:0,(anonymous_32)
FNDA:0,(anonymous_33)
FNDA:0,(anonymous_34)
DA:1,1
DA:7,1
DA:9,1
DA:11,1
DA:12,1
DA:14,1
DA:15,1
DA:16,1
DA:19,1
DA:24,1
DA:25,0
DA:27,0
DA:32,0
DA:33,0
DA:35,0
DA:36,0
DA:38,1
DA:39,0
DA:40,0
DA:41,0
DA:42,0
DA:43,0
DA:44,0
DA:45,0
DA:47,0
DA:48,0
DA:49,0
DA:50,0
DA:51,0
DA:52,0
DA:53,0
DA:54,0
DA:56,0
DA:57,0
DA:58,0
DA:59,0
DA:61,0
DA:62,0
DA:65,0
DA:66,0
DA:70,1
DA:71,0
DA:73,0
DA:75,0
DA:76,0
DA:77,0
DA:78,0
DA:82,0
DA:86,0
DA:89,0
DA:92,1
DA:93,0
DA:94,0
DA:98,1
DA:99,0
DA:102,1
DA:103,0
DA:106,1
DA:107,0
DA:108,0
DA:109,0
DA:112,0
DA:113,0
DA:114,0
DA:116,0
DA:117,0
DA:118,0
DA:121,0
DA:124,1
DA:126,0
DA:127,0
DA:128,0
DA:132,0
DA:135,1
DA:136,0
DA:137,0
DA:138,0
DA:140,0
DA:143,1
DA:144,0
DA:145,0
DA:147,0
DA:148,0
DA:150,0
DA:157,0
DA:158,0
DA:160,0
DA:161,0
DA:163,0
DA:164,0
DA:166,0
DA:167,0
DA:170,0
DA:171,0
DA:175,1
DA:176,0
DA:179,1
DA:180,0
DA:183,1
DA:184,0
DA:190,0
DA:192,0
DA:201,1
DA:202,0
DA:203,0
DA:204,0
DA:206,1
LF:107
LH:24
BRDA:49,0,0,0
BRDA:49,0,1,0
BRDA:73,1,0,0
BRDA:73,1,1,0
BRDA:75,2,0,0
BRDA:75,2,1,0
BRDA:77,3,0,0
BRDA:77,3,1,0
BRDA:93,4,0,0
BRDA:93,4,1,0
BRDA:103,5,0,0
BRDA:103,5,1,0
BRDA:103,5,2,0
BRDA:107,6,0,0
BRDA:107,6,1,0
BRDA:107,6,2,0
BRDA:108,7,0,0
BRDA:108,7,1,0
BRDA:108,7,2,0
BRDA:109,8,0,0
BRDA:109,8,1,0
BRDA:109,8,2,0
BRDA:112,9,0,0
BRDA:112,9,1,0
BRDA:112,9,2,0
BRDA:113,10,0,0
BRDA:113,10,1,0
BRDA:113,10,2,0
BRDA:114,11,0,0
BRDA:114,11,1,0
BRDA:114,11,2,0
BRDA:116,12,0,0
BRDA:116,12,1,0
BRDA:116,12,2,0
BRDA:117,13,0,0
BRDA:117,13,1,0
BRDA:117,13,2,0
BRDA:118,14,0,0
BRDA:118,14,1,0
BRDA:118,14,2,0
BRDA:121,15,0,0
BRDA:121,15,1,0
BRDA:121,15,2,0
BRDA:121,15,3,0
BRDA:121,15,4,0
BRDA:121,15,5,0
BRDA:121,15,6,0
BRDA:121,15,7,0
BRDA:121,15,8,0
BRDA:126,16,0,0
BRDA:126,16,1,0
BRDA:126,16,2,0
BRDA:127,17,0,0
BRDA:127,17,1,0
BRDA:127,17,2,0
BRDA:128,18,0,0
BRDA:128,18,1,0
BRDA:128,18,2,0
BRDA:132,19,0,0
BRDA:132,19,1,0
BRDA:132,19,2,0
BRDA:136,20,0,0
BRDA:136,20,1,0
BRDA:136,20,2,0
BRDA:137,21,0,0
BRDA:137,21,1,0
BRDA:137,21,2,0
BRDA:138,22,0,0
BRDA:138,22,1,0
BRDA:138,22,2,0
BRDA:140,23,0,0
BRDA:140,23,1,0
BRDA:140,23,2,0
BRDA:144,24,0,0
BRDA:144,24,1,0
BRDA:150,25,0,0
BRDA:150,25,1,0
BRDA:150,26,0,0
BRDA:150,26,1,0
BRDA:150,26,2,0
BRDA:150,26,3,0
BRDA:204,27,0,0
BRDA:204,27,1,0
BRDA:25,28,0,1
BRDA:25,28,1,0
BRDA:25,29,0,1
BRDA:25,30,0,1
BRDA:25,30,1,1
BRDA:25,30,2,0
BRDA:25,31,0,1
BRDA:25,31,1,1
BRDA:25,32,0,1
BRDA:25,32,1,1
BRDA:25,32,2,0
BRDA:25,33,0,1
BRDA:25,33,1,1
BRF:96
BRH:10
end_of_record
TN:
SF:C:\Users\Glenn\Documents\GitHub\mahjongmadness\src\app\Game\services\game-board.service.ts
FN:24,(anonymous_2)
FN:25,GameBoardService
FN:38,(anonymous_4)
FN:48,(anonymous_5)
FN:65,(anonymous_6)
FN:70,(anonymous_7)
FN:92,(anonymous_8)
FN:98,(anonymous_9)
FN:102,(anonymous_10)
FN:106,(anonymous_11)
FN:107,(anonymous_12)
FN:108,(anonymous_13)
FN:109,(anonymous_14)
FN:112,(anonymous_15)
FN:113,(anonymous_16)
FN:114,(anonymous_17)
FN:116,(anonymous_18)
FN:117,(anonymous_19)
FN:118,(anonymous_20)
FN:124,(anonymous_21)
FN:126,(anonymous_22)
FN:127,(anonymous_23)
FN:128,(anonymous_24)
FN:135,(anonymous_25)
FN:136,(anonymous_26)
FN:137,(anonymous_27)
FN:138,(anonymous_28)
FN:143,(anonymous_29)
FN:175,(anonymous_30)
FN:179,(anonymous_31)
FN:180,(anonymous_32)
FN:183,(anonymous_33)
FN:201,(anonymous_34)
FNF:33
FNH:1
FNDA:1,(anonymous_2)
FNDA:0,GameBoardService
FNDA:0,(anonymous_4)
FNDA:0,(anonymous_5)
FNDA:0,(anonymous_6)
FNDA:0,(anonymous_7)
FNDA:0,(anonymous_8)
FNDA:0,(anonymous_9)
FNDA:0,(anonymous_10)
FNDA:0,(anonymous_11)
FNDA:0,(anonymous_12)
FNDA:0,(anonymous_13)
FNDA:0,(anonymous_14)
FNDA:0,(anonymous_15)
FNDA:0,(anonymous_16)
FNDA:0,(anonymous_17)
FNDA:0,(anonymous_18)
FNDA:0,(anonymous_19)
FNDA:0,(anonymous_20)
FNDA:0,(anonymous_21)
FNDA:0,(anonymous_22)
FNDA:0,(anonymous_23)
FNDA:0,(anonymous_24)
FNDA:0,(anonymous_25)
FNDA:0,(anonymous_26)
FNDA:0,(anonymous_27)
FNDA:0,(anonymous_28)
FNDA:0,(anonymous_29)
FNDA:0,(anonymous_30)
FNDA:0,(anonymous_31)
FNDA:0,(anonymous_32)
FNDA:0,(anonymous_33)
FNDA:0,(anonymous_34)
DA:1,1
DA:7,1
DA:9,1
DA:11,1
DA:12,1
DA:14,1
DA:15,1
DA:16,1
DA:19,1
DA:24,1
DA:25,0
DA:27,0
DA:32,0
DA:33,0
DA:35,0
DA:36,0
DA:38,1
DA:39,0
DA:40,0
DA:41,0
DA:42,0
DA:43,0
DA:44,0
DA:45,0
DA:47,0
DA:48,0
DA:49,0
DA:50,0
DA:51,0
DA:52,0
DA:53,0
DA:54,0
DA:56,0
DA:57,0
DA:58,0
DA:59,0
DA:61,0
DA:62,0
DA:65,0
DA:66,0
DA:70,1
DA:71,0
DA:73,0
DA:75,0
DA:76,0
DA:77,0
DA:78,0
DA:82,0
DA:86,0
DA:89,0
DA:92,1
DA:93,0
DA:94,0
DA:98,1
DA:99,0
DA:102,1
DA:103,0
DA:106,1
DA:107,0
DA:108,0
DA:109,0
DA:112,0
DA:113,0
DA:114,0
DA:116,0
DA:117,0
DA:118,0
DA:121,0
DA:124,1
DA:126,0
DA:127,0
DA:128,0
DA:132,0
DA:135,1
DA:136,0
DA:137,0
DA:138,0
DA:140,0
DA:143,1
DA:144,0
DA:145,0
DA:147,0
DA:148,0
DA:150,0
DA:157,0
DA:158,0
DA:160,0
DA:161,0
DA:163,0
DA:164,0
DA:166,0
DA:167,0
DA:170,0
DA:171,0
DA:175,1
DA:176,0
DA:179,1
DA:180,0
DA:183,1
DA:184,0
DA:190,0
DA:192,0
DA:201,1
DA:202,0
DA:203,0
DA:204,0
DA:206,1
LF:107
LH:24
BRDA:49,0,0,0
BRDA:49,0,1,0
BRDA:73,1,0,0
BRDA:73,1,1,0
BRDA:75,2,0,0
BRDA:75,2,1,0
BRDA:77,3,0,0
BRDA:77,3,1,0
BRDA:93,4,0,0
BRDA:93,4,1,0
BRDA:103,5,0,0
BRDA:103,5,1,0
BRDA:103,5,2,0
BRDA:107,6,0,0
BRDA:107,6,1,0
BRDA:107,6,2,0
BRDA:108,7,0,0
BRDA:108,7,1,0
BRDA:108,7,2,0
BRDA:109,8,0,0
BRDA:109,8,1,0
BRDA:109,8,2,0
BRDA:112,9,0,0
BRDA:112,9,1,0
BRDA:112,9,2,0
BRDA:113,10,0,0
BRDA:113,10,1,0
BRDA:113,10,2,0
BRDA:114,11,0,0
BRDA:114,11,1,0
BRDA:114,11,2,0
BRDA:116,12,0,0
BRDA:116,12,1,0
BRDA:116,12,2,0
BRDA:117,13,0,0
BRDA:117,13,1,0
BRDA:117,13,2,0
BRDA:118,14,0,0
BRDA:118,14,1,0
BRDA:118,14,2,0
BRDA:121,15,0,0
BRDA:121,15,1,0
BRDA:121,15,2,0
BRDA:121,15,3,0
BRDA:121,15,4,0
BRDA:121,15,5,0
BRDA:121,15,6,0
BRDA:121,15,7,0
BRDA:121,15,8,0
BRDA:126,16,0,0
BRDA:126,16,1,0
BRDA:126,16,2,0
BRDA:127,17,0,0
BRDA:127,17,1,0
BRDA:127,17,2,0
BRDA:128,18,0,0
BRDA:128,18,1,0
BRDA:128,18,2,0
BRDA:132,19,0,0
BRDA:132,19,1,0
BRDA:132,19,2,0
BRDA:136,20,0,0
BRDA:136,20,1,0
BRDA:136,20,2,0
BRDA:137,21,0,0
BRDA:137,21,1,0
BRDA:137,21,2,0
BRDA:138,22,0,0
BRDA:138,22,1,0
BRDA:138,22,2,0
BRDA:140,23,0,0
BRDA:140,23,1,0
BRDA:140,23,2,0
BRDA:144,24,0,0
BRDA:144,24,1,0
BRDA:150,25,0,0
BRDA:150,25,1,0
BRDA:150,26,0,0
BRDA:150,26,1,0
BRDA:150,26,2,0
BRDA:150,26,3,0
BRDA:204,27,0,0
BRDA:204,27,1,0
BRDA:25,28,0,1
BRDA:25,28,1,0
BRDA:25,29,0,1
BRDA:25,30,0,1
BRDA:25,30,1,1
BRDA:25,30,2,0
BRDA:25,31,0,1
BRDA:25,31,1,1
BRDA:25,32,0,1
BRDA:25,32,1,1
BRDA:25,32,2,0
BRDA:25,33,0,1
BRDA:25,33,1,1
BRF:96
BRH:10
end_of_record
TN:
SF:C:\Users\Glenn\Documents\GitHub\mahjongmadness\src\app\Shared\Modules\majestic-md.module.ts
FN:35,(anonymous_1)
FN:35,MajesticMdModule
FNF:2
FNH:2
FNDA:1,(anonymous_1)
FNDA:20,MajesticMdModule
DA:1,1
DA:2,1
DA:35,1
LF:3
LH:3
BRF:0
BRH:0
end_of_record
TN:
SF:C:\Users\Glenn\Documents\GitHub\mahjongmadness\src\app\Shared\Modules\majestic-shared.module.ts
FN:38,(anonymous_1)
FN:38,MajesticSharedModule
FNF:2
FNH:2
FNDA:1,(anonymous_1)
FNDA:20,MajesticSharedModule
DA:1,1
DA:3,1
DA:4,1
DA:5,1
DA:6,1
DA:8,1
DA:10,1
DA:11,1
DA:38,1
LF:9
LH:9
BRF:0
BRH:0
end_of_record
TN:
SF:C:\Users\Glenn\Documents\GitHub\mahjongmadness\src\app\Shared\Services\auth.service.ts
FN:10,(anonymous_2)
FN:11,AuthService
FN:29,(anonymous_4)
FN:39,(anonymous_5)
FN:50,(anonymous_6)
FN:61,(anonymous_7)
FNF:6
FNH:1
FNDA:1,(anonymous_2)
FNDA:0,AuthService
FNDA:0,(anonymous_4)
FNDA:0,(anonymous_5)
FNDA:0,(anonymous_6)
FNDA:0,(anonymous_7)
DA:1,1
DA:4,1
DA:5,1
DA:6,1
DA:7,1
DA:10,1
DA:12,0
DA:15,0
DA:16,0
DA:17,0
DA:22,0
DA:23,0
DA:29,1
DA:30,0
DA:31,0
DA:32,0
DA:33,0
DA:34,0
DA:36,0
DA:39,1
DA:40,0
DA:41,0
DA:42,0
DA:44,0
DA:45,0
DA:47,0
DA:50,1
DA:51,0
DA:52,0
DA:53,0
DA:55,0
DA:56,0
DA:61,1
DA:62,0
DA:63,0
DA:64,0
DA:67,1
LF:37
LH:11
BRDA:51,0,0,0
BRDA:51,0,1,0
BRDA:51,1,0,0
BRDA:51,1,1,0
BRDA:55,2,0,0
BRDA:55,2,1,0
BRDA:55,3,0,0
BRDA:55,3,1,0
BRDA:62,4,0,0
BRDA:62,4,1,0
BRDA:62,5,0,0
BRDA:62,5,1,0
BRF:12
BRH:0
end_of_record
TN:
SF:C:\Users\Glenn\Documents\GitHub\mahjongmadness\src\app\Shared\Services\game.service.ts
FN:15,(anonymous_2)
FN:20,GameService
FN:22,(anonymous_4)
FN:27,(anonymous_5)
FN:32,(anonymous_6)
FN:37,(anonymous_7)
FN:42,(anonymous_8)
FN:60,(anonymous_9)
FN:74,(anonymous_10)
FN:87,(anonymous_11)
FN:101,(anonymous_12)
FN:115,(anonymous_13)
FNF:12
FNH:1
FNDA:1,(anonymous_2)
FNDA:0,GameService
FNDA:0,(anonymous_4)
FNDA:0,(anonymous_5)
FNDA:0,(anonymous_6)
FNDA:0,(anonymous_7)
FNDA:0,(anonymous_8)
FNDA:0,(anonymous_9)
FNDA:0,(anonymous_10)
FNDA:0,(anonymous_11)
FNDA:0,(anonymous_12)
FNDA:0,(anonymous_13)
DA:1,1
DA:6,1
DA:8,1
DA:9,1
DA:10,1
DA:11,1
DA:15,1
DA:16,0
DA:20,0
DA:22,1
DA:23,0
DA:27,1
DA:28,0
DA:32,1
DA:33,0
DA:37,1
DA:38,0
DA:42,1
DA:43,0
DA:49,0
DA:51,0
DA:60,1
DA:61,0
DA:67,0
DA:69,0
DA:74,1
DA:75,0
DA:81,0
DA:83,0
DA:87,1
DA:88,0
DA:94,0
DA:96,0
DA:101,1
DA:102,0
DA:108,0
DA:110,0
DA:115,1
DA:116,0
DA:117,0
DA:118,0
DA:120,1
LF:42
LH:18
BRDA:118,0,0,0
BRDA:118,0,1,0
BRDA:20,1,0,1
BRDA:20,1,1,0
BRDA:20,2,0,1
BRDA:20,3,0,1
BRDA:20,3,1,1
BRDA:20,3,2,0
BRDA:20,4,0,1
BRDA:20,4,1,1
BRF:10
BRH:6
end_of_record
TN:
SF:C:\Users\Glenn\Documents\GitHub\mahjongmadness\src\app\Shared\Services\tile.service.ts
FN:14,(anonymous_2)
FN:20,TileService
FN:22,(anonymous_4)
FN:26,(anonymous_5)
FN:50,(anonymous_6)
FNF:5
FNH:1
FNDA:1,(anonymous_2)
FNDA:0,TileService
FNDA:0,(anonymous_4)
FNDA:0,(anonymous_5)
FNDA:0,(anonymous_6)
DA:1,1
DA:5,1
DA:7,1
DA:8,1
DA:11,1
DA:14,1
DA:15,0
DA:20,0
DA:22,1
DA:23,0
DA:26,1
DA:28,0
DA:50,1
DA:51,0
DA:52,0
DA:53,0
DA:55,1
LF:17
LH:10
BRDA:53,0,0,0
BRDA:53,0,1,0
BRDA:20,1,0,1
BRDA:20,1,1,0
BRDA:20,2,0,1
BRDA:20,3,0,1
BRDA:20,3,1,1
BRDA:20,3,2,0
BRDA:20,4,0,1
BRDA:20,4,1,1
BRF:10
BRH:6
end_of_record
TN:
SF:C:\Users\Glenn\Documents\GitHub\mahjongmadness\src\app\Shell\Components\App\app.component.ts
FN:9,(anonymous_2)
FN:10,AppComponent
FN:17,(anonymous_4)
FN:19,(anonymous_5)
FNF:4
FNH:2
FNDA:1,(anonymous_2)
FNDA:3,AppComponent
FNDA:0,(anonymous_4)
FNDA:0,(anonymous_5)
DA:1,1
DA:2,1
DA:9,1
DA:10,3
DA:11,3
DA:15,3
DA:17,1
DA:18,0
DA:20,0
DA:23,1
LF:10
LH:8
BRDA:10,0,0,1
BRDA:10,0,1,0
BRDA:10,1,0,1
BRF:3
BRH:2
end_of_record
TN:
SF:C:\Users\Glenn\Documents\GitHub\mahjongmadness\src\app\Shell\Components\Callback\auth-callback.component.ts
FN:11,(anonymous_2)
FN:12,AuthCallbackComponent
FN:14,(anonymous_4)
FNF:3
FNH:1
FNDA:1,(anonymous_2)
FNDA:0,AuthCallbackComponent
FNDA:0,(anonymous_4)
DA:1,1
DA:2,1
DA:3,1
DA:5,1
DA:11,1
DA:12,0
DA:14,1
DA:15,0
DA:16,0
DA:18,0
DA:19,0
DA:21,0
DA:23,1
LF:13
LH:7
BRDA:18,0,0,0
BRDA:18,0,1,0
BRDA:12,1,0,1
BRDA:12,1,1,0
BRDA:12,2,0,1
BRDA:12,3,0,1
BRDA:12,3,1,1
BRDA:12,3,2,0
BRDA:12,4,0,1
BRDA:12,4,1,1
BRDA:12,5,0,1
BRDA:12,5,1,1
BRDA:12,5,2,0
BRDA:12,6,0,1
BRDA:12,6,1,1
BRF:15
BRH:10
end_of_record
TN:
SF:C:\Users\Glenn\Documents\GitHub\mahjongmadness\src\app\Shell\Modules\app-routing.module.ts
FN:31,(anonymous_1)
FN:31,AppRoutingModule
FNF:2
FNH:2
FNDA:1,(anonymous_1)
FNDA:3,AppRoutingModule
DA:1,1
DA:2,1
DA:4,1
DA:9,1
DA:11,1
DA:31,1
LF:6
LH:6
BRF:0
BRH:0
end_of_record
TN:
SF:C:\Users\Glenn\Documents\GitHub\mahjongmadness\src\app\browse\Components\my-games\my-games.component.ts
FN:11,(anonymous_2)
FN:12,MyGamesComponent
FN:17,(anonymous_4)
FN:18,(anonymous_5)
FN:23,(anonymous_6)
FN:28,(anonymous_7)
FN:29,(anonymous_8)
FN:32,(anonymous_9)
FN:36,(anonymous_10)
FNF:9
FNH:1
FNDA:1,(anonymous_2)
FNDA:0,MyGamesComponent
FNDA:0,(anonymous_4)
FNDA:0,(anonymous_5)
FNDA:0,(anonymous_6)
FNDA:0,(anonymous_7)
FNDA:0,(anonymous_8)
FNDA:0,(anonymous_9)
FNDA:0,(anonymous_10)
DA:1,1
DA:2,1
DA:11,1
DA:12,0
DA:17,1
DA:18,0
DA:19,0
DA:23,1
DA:24,0
DA:25,0
DA:28,1
DA:29,0
DA:32,1
DA:33,0
DA:36,1
DA:37,0
DA:39,1
LF:17
LH:9
BRDA:12,0,0,1
BRDA:12,0,1,0
BRDA:12,1,0,1
BRF:3
BRH:2
end_of_record
TN:
SF:C:\Users\Glenn\Documents\GitHub\mahjongmadness\src\app\game\Components\game-info\game-info.component.ts
FN:14,(anonymous_2)
FN:21,GameInfoComponent
FN:25,(anonymous_4)
FNF:3
FNH:3
FNDA:1,(anonymous_2)
FNDA:1,GameInfoComponent
FNDA:1,(anonymous_4)
DA:1,1
DA:14,1
DA:16,1
DA:25,1
DA:28,1
LF:5
LH:5
BRF:0
BRH:0
end_of_record
TN:
SF:C:\Users\Glenn\Documents\GitHub\mahjongmadness\src\app\game\Components\play-game\play-game.component.ts
FN:17,(anonymous_2)
FN:25,PlayGameComponent
FN:26,(anonymous_4)
FN:34,(anonymous_5)
FN:35,(anonymous_6)
FN:36,(anonymous_7)
FN:43,(anonymous_8)
FN:49,(anonymous_9)
FN:52,(anonymous_10)
FN:61,(anonymous_11)
FNF:10
FNH:1
FNDA:1,(anonymous_2)
FNDA:0,PlayGameComponent
FNDA:0,(anonymous_4)
FNDA:0,(anonymous_5)
FNDA:0,(anonymous_6)
FNDA:0,(anonymous_7)
FNDA:0,(anonymous_8)
FNDA:0,(anonymous_9)
FNDA:0,(anonymous_10)
FNDA:0,(anonymous_11)
DA:1,1
DA:3,1
DA:4,1
DA:6,1
DA:8,1
DA:17,1
DA:25,0
DA:26,0
DA:27,0
DA:29,0
DA:31,0
DA:34,1
DA:35,0
DA:36,0
DA:37,0
DA:38,0
DA:41,0
DA:42,0
DA:43,0
DA:44,0
DA:48,0
DA:50,0
DA:51,0
DA:52,0
DA:53,0
DA:54,0
DA:61,0
DA:62,0
DA:63,0
DA:69,1
LF:30
LH:8
BRDA:37,0,0,0
BRDA:37,0,1,0
BRDA:50,1,0,0
BRDA:50,1,1,0
BRDA:53,2,0,0
BRDA:53,2,1,0
BRDA:25,3,0,1
BRDA:25,3,1,0
BRDA:25,4,0,1
BRDA:25,5,0,1
BRDA:25,5,1,1
BRDA:25,5,2,0
BRDA:25,6,0,1
BRDA:25,6,1,1
BRDA:25,7,0,1
BRDA:25,7,1,1
BRDA:25,7,2,0
BRDA:25,8,0,1
BRDA:25,8,1,1
BRDA:25,9,0,1
BRDA:25,9,1,1
BRDA:25,9,2,0
BRDA:25,10,0,1
BRDA:25,10,1,1
BRF:24
BRH:14
end_of_record
TN:
SF:C:\Users\Glenn\Documents\GitHub\mahjongmadness\src\app\game\Components\template-tile\template-tile.component.ts
FN:10,(anonymous_2)
FN:16,TemplateTileComponent
FN:18,(anonymous_4)
FNF:3
FNH:3
FNDA:1,(anonymous_2)
FNDA:1,TemplateTileComponent
FNDA:1,(anonymous_4)
DA:1,1
DA:2,1
DA:10,1
DA:12,1
DA:18,1
DA:22,1
LF:6
LH:6
BRDA:12,0,0,1
BRDA:12,0,1,0
BRDA:12,1,0,1
BRF:3
BRH:2
end_of_record
TN:
SF:C:\Users\Glenn\Documents\GitHub\mahjongmadness\src\app\game\Components\tile\tile.component.ts
FN:13,(anonymous_2)
FN:20,TileComponent
FN:22,(anonymous_4)
FN:31,(anonymous_5)
FN:44,(anonymous_6)
FN:57,(anonymous_7)
FNF:6
FNH:5
FNDA:1,(anonymous_2)
FNDA:4,TileComponent
FNDA:4,(anonymous_4)
FNDA:1,(anonymous_5)
FNDA:0,(anonymous_6)
FNDA:1,(anonymous_7)
DA:1,1
DA:2,1
DA:3,1
DA:4,1
DA:13,1
DA:15,1
DA:20,4
DA:22,1
DA:23,4
DA:24,0
DA:25,0
DA:26,0
DA:31,1
DA:32,1
DA:34,0
DA:35,0
DA:36,0
DA:39,0
DA:44,1
DA:45,0
DA:47,0
DA:49,0
DA:50,0
DA:51,0
DA:52,0
DA:57,1
DA:58,1
DA:60,0
DA:62,0
DA:63,0
DA:64,0
DA:65,0
DA:72,1
LF:33
LH:15
BRDA:23,0,0,0
BRDA:23,0,1,4
BRDA:32,1,0,0
BRDA:32,1,1,1
BRDA:35,2,0,0
BRDA:35,2,1,0
BRDA:45,3,0,0
BRDA:45,3,1,0
BRDA:49,4,0,0
BRDA:49,4,1,0
BRDA:58,5,0,0
BRDA:58,5,1,1
BRDA:62,6,0,0
BRDA:62,6,1,0
BRDA:15,7,0,1
BRDA:15,7,1,0
BRDA:15,8,0,1
BRDA:20,9,0,1
BRDA:20,9,1,0
BRDA:20,10,0,1
BRF:20
BRH:7
end_of_record
TN:
SF:C:\Users\Glenn\Documents\GitHub\mahjongmadness\src\app\game\Models\tile.ts
FN:1,(anonymous_0)
FNF:1
FNH:1
FNDA:1,(anonymous_0)
DA:1,1
DA:14,1
LF:2
LH:2
BRF:0
BRH:0
end_of_record
TN:
SF:C:\Users\Glenn\Documents\GitHub\mahjongmadness\src\app\game\Services\game-board.service.ts
FN:24,(anonymous_2)
FN:25,GameBoardService
FN:38,(anonymous_4)
FN:48,(anonymous_5)
FN:65,(anonymous_6)
FN:70,(anonymous_7)
FN:92,(anonymous_8)
FN:98,(anonymous_9)
FN:102,(anonymous_10)
FN:106,(anonymous_11)
FN:107,(anonymous_12)
FN:108,(anonymous_13)
FN:109,(anonymous_14)
FN:112,(anonymous_15)
FN:113,(anonymous_16)
FN:114,(anonymous_17)
FN:116,(anonymous_18)
FN:117,(anonymous_19)
FN:118,(anonymous_20)
FN:124,(anonymous_21)
FN:126,(anonymous_22)
FN:127,(anonymous_23)
FN:128,(anonymous_24)
FN:135,(anonymous_25)
FN:136,(anonymous_26)
FN:137,(anonymous_27)
FN:138,(anonymous_28)
FN:143,(anonymous_29)
FN:175,(anonymous_30)
FN:179,(anonymous_31)
FN:180,(anonymous_32)
FN:183,(anonymous_33)
FN:201,(anonymous_34)
FNF:33
FNH:1
FNDA:1,(anonymous_2)
FNDA:0,GameBoardService
FNDA:0,(anonymous_4)
FNDA:0,(anonymous_5)
FNDA:0,(anonymous_6)
FNDA:0,(anonymous_7)
FNDA:0,(anonymous_8)
FNDA:0,(anonymous_9)
FNDA:0,(anonymous_10)
FNDA:0,(anonymous_11)
FNDA:0,(anonymous_12)
FNDA:0,(anonymous_13)
FNDA:0,(anonymous_14)
FNDA:0,(anonymous_15)
FNDA:0,(anonymous_16)
FNDA:0,(anonymous_17)
FNDA:0,(anonymous_18)
FNDA:0,(anonymous_19)
FNDA:0,(anonymous_20)
FNDA:0,(anonymous_21)
FNDA:0,(anonymous_22)
FNDA:0,(anonymous_23)
FNDA:0,(anonymous_24)
FNDA:0,(anonymous_25)
FNDA:0,(anonymous_26)
FNDA:0,(anonymous_27)
FNDA:0,(anonymous_28)
FNDA:0,(anonymous_29)
FNDA:0,(anonymous_30)
FNDA:0,(anonymous_31)
FNDA:0,(anonymous_32)
FNDA:0,(anonymous_33)
FNDA:0,(anonymous_34)
DA:1,1
DA:7,1
DA:9,1
DA:11,1
DA:12,1
DA:14,1
DA:15,1
DA:16,1
DA:19,1
DA:24,1
DA:25,0
DA:27,0
DA:32,0
DA:33,0
DA:35,0
DA:36,0
DA:38,1
DA:39,0
DA:40,0
DA:41,0
DA:42,0
DA:43,0
DA:44,0
DA:45,0
DA:47,0
DA:48,0
DA:49,0
DA:50,0
DA:51,0
DA:52,0
DA:53,0
DA:54,0
DA:56,0
DA:57,0
DA:58,0
DA:59,0
DA:61,0
DA:62,0
DA:65,0
DA:66,0
DA:70,1
DA:71,0
DA:73,0
DA:75,0
DA:76,0
DA:77,0
DA:78,0
DA:82,0
DA:86,0
DA:89,0
DA:92,1
DA:93,0
DA:94,0
DA:98,1
DA:99,0
DA:102,1
DA:103,0
DA:106,1
DA:107,0
DA:108,0
DA:109,0
DA:112,0
DA:113,0
DA:114,0
DA:116,0
DA:117,0
DA:118,0
DA:121,0
DA:124,1
DA:126,0
DA:127,0
DA:128,0
DA:132,0
DA:135,1
DA:136,0
DA:137,0
DA:138,0
DA:140,0
DA:143,1
DA:144,0
DA:145,0
DA:147,0
DA:148,0
DA:150,0
DA:157,0
DA:158,0
DA:160,0
DA:161,0
DA:163,0
DA:164,0
DA:166,0
DA:167,0
DA:170,0
DA:171,0
DA:175,1
DA:176,0
DA:179,1
DA:180,0
DA:183,1
DA:184,0
DA:190,0
DA:192,0
DA:201,1
DA:202,0
DA:203,0
DA:204,0
DA:206,1
LF:107
LH:24
BRDA:49,0,0,0
BRDA:49,0,1,0
BRDA:73,1,0,0
BRDA:73,1,1,0
BRDA:75,2,0,0
BRDA:75,2,1,0
BRDA:77,3,0,0
BRDA:77,3,1,0
BRDA:93,4,0,0
BRDA:93,4,1,0
BRDA:103,5,0,0
BRDA:103,5,1,0
BRDA:103,5,2,0
BRDA:107,6,0,0
BRDA:107,6,1,0
BRDA:107,6,2,0
BRDA:108,7,0,0
BRDA:108,7,1,0
BRDA:108,7,2,0
BRDA:109,8,0,0
BRDA:109,8,1,0
BRDA:109,8,2,0
BRDA:112,9,0,0
BRDA:112,9,1,0
BRDA:112,9,2,0
BRDA:113,10,0,0
BRDA:113,10,1,0
BRDA:113,10,2,0
BRDA:114,11,0,0
BRDA:114,11,1,0
BRDA:114,11,2,0
BRDA:116,12,0,0
BRDA:116,12,1,0
BRDA:116,12,2,0
BRDA:117,13,0,0
BRDA:117,13,1,0
BRDA:117,13,2,0
BRDA:118,14,0,0
BRDA:118,14,1,0
BRDA:118,14,2,0
BRDA:121,15,0,0
BRDA:121,15,1,0
BRDA:121,15,2,0
BRDA:121,15,3,0
BRDA:121,15,4,0
BRDA:121,15,5,0
BRDA:121,15,6,0
BRDA:121,15,7,0
BRDA:121,15,8,0
BRDA:126,16,0,0
BRDA:126,16,1,0
BRDA:126,16,2,0
BRDA:127,17,0,0
BRDA:127,17,1,0
BRDA:127,17,2,0
BRDA:128,18,0,0
BRDA:128,18,1,0
BRDA:128,18,2,0
BRDA:132,19,0,0
BRDA:132,19,1,0
BRDA:132,19,2,0
BRDA:136,20,0,0
BRDA:136,20,1,0
BRDA:136,20,2,0
BRDA:137,21,0,0
BRDA:137,21,1,0
BRDA:137,21,2,0
BRDA:138,22,0,0
BRDA:138,22,1,0
BRDA:138,22,2,0
BRDA:140,23,0,0
BRDA:140,23,1,0
BRDA:140,23,2,0
BRDA:144,24,0,0
BRDA:144,24,1,0
BRDA:150,25,0,0
BRDA:150,25,1,0
BRDA:150,26,0,0
BRDA:150,26,1,0
BRDA:150,26,2,0
BRDA:150,26,3,0
BRDA:204,27,0,0
BRDA:204,27,1,0
BRDA:25,28,0,1
BRDA:25,28,1,0
BRDA:25,29,0,1
BRDA:25,30,0,1
BRDA:25,30,1,1
BRDA:25,30,2,0
BRDA:25,31,0,1
BRDA:25,31,1,1
BRDA:25,32,0,1
BRDA:25,32,1,1
BRDA:25,32,2,0
BRDA:25,33,0,1
BRDA:25,33,1,1
BRF:96
BRH:10
end_of_record
TN:
SF:C:\Users\Glenn\Documents\GitHub\mahjongmadness\src\app\game\components\game-info\game-info.component.ts
FN:14,(anonymous_2)
FN:21,GameInfoComponent
FN:25,(anonymous_4)
FNF:3
FNH:1
FNDA:1,(anonymous_2)
FNDA:0,GameInfoComponent
FNDA:0,(anonymous_4)
DA:1,1
DA:14,1
DA:16,1
DA:25,1
DA:28,1
LF:5
LH:5
BRF:0
BRH:0
end_of_record
TN:
SF:C:\Users\Glenn\Documents\GitHub\mahjongmadness\src\app\game\components\play-game\play-game.component.ts
FN:17,(anonymous_2)
FN:25,PlayGameComponent
FN:26,(anonymous_4)
FN:34,(anonymous_5)
FN:35,(anonymous_6)
FN:36,(anonymous_7)
FN:43,(anonymous_8)
FN:49,(anonymous_9)
FN:52,(anonymous_10)
FN:61,(anonymous_11)
FNF:10
FNH:1
FNDA:1,(anonymous_2)
FNDA:0,PlayGameComponent
FNDA:0,(anonymous_4)
FNDA:0,(anonymous_5)
FNDA:0,(anonymous_6)
FNDA:0,(anonymous_7)
FNDA:0,(anonymous_8)
FNDA:0,(anonymous_9)
FNDA:0,(anonymous_10)
FNDA:0,(anonymous_11)
DA:1,1
DA:3,1
DA:4,1
DA:6,1
DA:8,1
DA:17,1
DA:25,0
DA:26,0
DA:27,0
DA:29,0
DA:31,0
DA:34,1
DA:35,0
DA:36,0
DA:37,0
DA:38,0
DA:41,0
DA:42,0
DA:43,0
DA:44,0
DA:48,0
DA:50,0
DA:51,0
DA:52,0
DA:53,0
DA:54,0
DA:61,0
DA:62,0
DA:63,0
DA:69,1
LF:30
LH:8
BRDA:37,0,0,0
BRDA:37,0,1,0
BRDA:50,1,0,0
BRDA:50,1,1,0
BRDA:53,2,0,0
BRDA:53,2,1,0
BRDA:25,3,0,1
BRDA:25,3,1,0
BRDA:25,4,0,1
BRDA:25,5,0,1
BRDA:25,5,1,1
BRDA:25,5,2,0
BRDA:25,6,0,1
BRDA:25,6,1,1
BRDA:25,7,0,1
BRDA:25,7,1,1
BRDA:25,7,2,0
BRDA:25,8,0,1
BRDA:25,8,1,1
BRDA:25,9,0,1
BRDA:25,9,1,1
BRDA:25,9,2,0
BRDA:25,10,0,1
BRDA:25,10,1,1
BRF:24
BRH:14
end_of_record
TN:
SF:C:\Users\Glenn\Documents\GitHub\mahjongmadness\src\app\game\components\template-tile\template-tile.component.ts
FN:10,(anonymous_2)
FN:16,TemplateTileComponent
FN:18,(anonymous_4)
FNF:3
FNH:3
FNDA:1,(anonymous_2)
FNDA:1,TemplateTileComponent
FNDA:1,(anonymous_4)
DA:1,1
DA:2,1
DA:10,1
DA:12,1
DA:18,1
DA:22,1
LF:6
LH:6
BRDA:12,0,0,1
BRDA:12,0,1,0
BRDA:12,1,0,1
BRF:3
BRH:2
end_of_record
TN:
SF:C:\Users\Glenn\Documents\GitHub\mahjongmadness\src\app\game\components\tile\tile.component.ts
FN:13,(anonymous_2)
FN:20,TileComponent
FN:22,(anonymous_4)
FN:31,(anonymous_5)
FN:44,(anonymous_6)
FN:57,(anonymous_7)
FNF:6
FNH:5
FNDA:1,(anonymous_2)
FNDA:4,TileComponent
FNDA:4,(anonymous_4)
FNDA:1,(anonymous_5)
FNDA:0,(anonymous_6)
FNDA:1,(anonymous_7)
DA:1,1
DA:2,1
DA:3,1
DA:4,1
DA:13,1
DA:15,1
DA:20,4
DA:22,1
DA:23,4
DA:24,0
DA:25,0
DA:26,0
DA:31,1
DA:32,1
DA:34,0
DA:35,0
DA:36,0
DA:39,0
DA:44,1
DA:45,0
DA:47,0
DA:49,0
DA:50,0
DA:51,0
DA:52,0
DA:57,1
DA:58,1
DA:60,0
DA:62,0
DA:63,0
DA:64,0
DA:65,0
DA:72,1
LF:33
LH:15
BRDA:23,0,0,0
BRDA:23,0,1,4
BRDA:32,1,0,0
BRDA:32,1,1,1
BRDA:35,2,0,0
BRDA:35,2,1,0
BRDA:45,3,0,0
BRDA:45,3,1,0
BRDA:49,4,0,0
BRDA:49,4,1,0
BRDA:58,5,0,0
BRDA:58,5,1,1
BRDA:62,6,0,0
BRDA:62,6,1,0
BRDA:15,7,0,1
BRDA:15,7,1,0
BRDA:15,8,0,1
BRDA:20,9,0,1
BRDA:20,9,1,0
BRDA:20,10,0,1
BRF:20
BRH:7
end_of_record
TN:
SF:C:\Users\Glenn\Documents\GitHub\mahjongmadness\src\app\game\services\game-board.service.ts
FN:24,(anonymous_2)
FN:25,GameBoardService
FN:38,(anonymous_4)
FN:48,(anonymous_5)
FN:65,(anonymous_6)
FN:70,(anonymous_7)
FN:92,(anonymous_8)
FN:98,(anonymous_9)
FN:102,(anonymous_10)
FN:106,(anonymous_11)
FN:107,(anonymous_12)
FN:108,(anonymous_13)
FN:109,(anonymous_14)
FN:112,(anonymous_15)
FN:113,(anonymous_16)
FN:114,(anonymous_17)
FN:116,(anonymous_18)
FN:117,(anonymous_19)
FN:118,(anonymous_20)
FN:124,(anonymous_21)
FN:126,(anonymous_22)
FN:127,(anonymous_23)
FN:128,(anonymous_24)
FN:135,(anonymous_25)
FN:136,(anonymous_26)
FN:137,(anonymous_27)
FN:138,(anonymous_28)
FN:143,(anonymous_29)
FN:175,(anonymous_30)
FN:179,(anonymous_31)
FN:180,(anonymous_32)
FN:183,(anonymous_33)
FN:201,(anonymous_34)
FNF:33
FNH:1
FNDA:1,(anonymous_2)
FNDA:0,GameBoardService
FNDA:0,(anonymous_4)
FNDA:0,(anonymous_5)
FNDA:0,(anonymous_6)
FNDA:0,(anonymous_7)
FNDA:0,(anonymous_8)
FNDA:0,(anonymous_9)
FNDA:0,(anonymous_10)
FNDA:0,(anonymous_11)
FNDA:0,(anonymous_12)
FNDA:0,(anonymous_13)
FNDA:0,(anonymous_14)
FNDA:0,(anonymous_15)
FNDA:0,(anonymous_16)
FNDA:0,(anonymous_17)
FNDA:0,(anonymous_18)
FNDA:0,(anonymous_19)
FNDA:0,(anonymous_20)
FNDA:0,(anonymous_21)
FNDA:0,(anonymous_22)
FNDA:0,(anonymous_23)
FNDA:0,(anonymous_24)
FNDA:0,(anonymous_25)
FNDA:0,(anonymous_26)
FNDA:0,(anonymous_27)
FNDA:0,(anonymous_28)
FNDA:0,(anonymous_29)
FNDA:0,(anonymous_30)
FNDA:0,(anonymous_31)
FNDA:0,(anonymous_32)
FNDA:0,(anonymous_33)
FNDA:0,(anonymous_34)
DA:1,1
DA:7,1
DA:9,1
DA:11,1
DA:12,1
DA:14,1
DA:15,1
DA:16,1
DA:19,1
DA:24,1
DA:25,0
DA:27,0
DA:32,0
DA:33,0
DA:35,0
DA:36,0
DA:38,1
DA:39,0
DA:40,0
DA:41,0
DA:42,0
DA:43,0
DA:44,0
DA:45,0
DA:47,0
DA:48,0
DA:49,0
DA:50,0
DA:51,0
DA:52,0
DA:53,0
DA:54,0
DA:56,0
DA:57,0
DA:58,0
DA:59,0
DA:61,0
DA:62,0
DA:65,0
DA:66,0
DA:70,1
DA:71,0
DA:73,0
DA:75,0
DA:76,0
DA:77,0
DA:78,0
DA:82,0
DA:86,0
DA:89,0
DA:92,1
DA:93,0
DA:94,0
DA:98,1
DA:99,0
DA:102,1
DA:103,0
DA:106,1
DA:107,0
DA:108,0
DA:109,0
DA:112,0
DA:113,0
DA:114,0
DA:116,0
DA:117,0
DA:118,0
DA:121,0
DA:124,1
DA:126,0
DA:127,0
DA:128,0
DA:132,0
DA:135,1
DA:136,0
DA:137,0
DA:138,0
DA:140,0
DA:143,1
DA:144,0
DA:145,0
DA:147,0
DA:148,0
DA:150,0
DA:157,0
DA:158,0
DA:160,0
DA:161,0
DA:163,0
DA:164,0
DA:166,0
DA:167,0
DA:170,0
DA:171,0
DA:175,1
DA:176,0
DA:179,1
DA:180,0
DA:183,1
DA:184,0
DA:190,0
DA:192,0
DA:201,1
DA:202,0
DA:203,0
DA:204,0
DA:206,1
LF:107
LH:24
BRDA:49,0,0,0
BRDA:49,0,1,0
BRDA:73,1,0,0
BRDA:73,1,1,0
BRDA:75,2,0,0
BRDA:75,2,1,0
BRDA:77,3,0,0
BRDA:77,3,1,0
BRDA:93,4,0,0
BRDA:93,4,1,0
BRDA:103,5,0,0
BRDA:103,5,1,0
BRDA:103,5,2,0
BRDA:107,6,0,0
BRDA:107,6,1,0
BRDA:107,6,2,0
BRDA:108,7,0,0
BRDA:108,7,1,0
BRDA:108,7,2,0
BRDA:109,8,0,0
BRDA:109,8,1,0
BRDA:109,8,2,0
BRDA:112,9,0,0
BRDA:112,9,1,0
BRDA:112,9,2,0
BRDA:113,10,0,0
BRDA:113,10,1,0
BRDA:113,10,2,0
BRDA:114,11,0,0
BRDA:114,11,1,0
BRDA:114,11,2,0
BRDA:116,12,0,0
BRDA:116,12,1,0
BRDA:116,12,2,0
BRDA:117,13,0,0
BRDA:117,13,1,0
BRDA:117,13,2,0
BRDA:118,14,0,0
BRDA:118,14,1,0
BRDA:118,14,2,0
BRDA:121,15,0,0
BRDA:121,15,1,0
BRDA:121,15,2,0
BRDA:121,15,3,0
BRDA:121,15,4,0
BRDA:121,15,5,0
BRDA:121,15,6,0
BRDA:121,15,7,0
BRDA:121,15,8,0
BRDA:126,16,0,0
BRDA:126,16,1,0
BRDA:126,16,2,0
BRDA:127,17,0,0
BRDA:127,17,1,0
BRDA:127,17,2,0
BRDA:128,18,0,0
BRDA:128,18,1,0
BRDA:128,18,2,0
BRDA:132,19,0,0
BRDA:132,19,1,0
BRDA:132,19,2,0
BRDA:136,20,0,0
BRDA:136,20,1,0
BRDA:136,20,2,0
BRDA:137,21,0,0
BRDA:137,21,1,0
BRDA:137,21,2,0
BRDA:138,22,0,0
BRDA:138,22,1,0
BRDA:138,22,2,0
BRDA:140,23,0,0
BRDA:140,23,1,0
BRDA:140,23,2,0
BRDA:144,24,0,0
BRDA:144,24,1,0
BRDA:150,25,0,0
BRDA:150,25,1,0
BRDA:150,26,0,0
BRDA:150,26,1,0
BRDA:150,26,2,0
BRDA:150,26,3,0
BRDA:204,27,0,0
BRDA:204,27,1,0
BRDA:25,28,0,1
BRDA:25,28,1,0
BRDA:25,29,0,1
BRDA:25,30,0,1
BRDA:25,30,1,1
BRDA:25,30,2,0
BRDA:25,31,0,1
BRDA:25,31,1,1
BRDA:25,32,0,1
BRDA:25,32,1,1
BRDA:25,32,2,0
BRDA:25,33,0,1
BRDA:25,33,1,1
BRF:96
BRH:10
end_of_record
TN:
SF:C:\Users\Glenn\Documents\GitHub\mahjongmadness\src\app\shared\Services\auth-guard.service.ts
FN:11,(anonymous_2)
FN:12,AuthGuard
FN:14,(anonymous_4)
FN:20,(anonymous_5)
FNF:4
FNH:1
FNDA:1,(anonymous_2)
FNDA:0,AuthGuard
FNDA:0,(anonymous_4)
FNDA:0,(anonymous_5)
DA:1,1
DA:2,1
DA:7,1
DA:8,1
DA:11,1
DA:12,0
DA:14,1
DA:15,0
DA:17,0
DA:20,1
DA:21,0
DA:24,0
DA:27,0
DA:29,0
DA:31,1
LF:15
LH:8
BRDA:21,0,0,0
BRDA:21,0,1,0
BRDA:12,1,0,1
BRDA:12,1,1,0
BRDA:12,2,0,1
BRDA:12,3,0,1
BRDA:12,3,1,1
BRDA:12,3,2,0
BRDA:12,4,0,1
BRDA:12,4,1,1
BRDA:12,5,0,1
BRDA:12,5,1,1
BRDA:12,5,2,0
BRDA:12,6,0,1
BRDA:12,6,1,1
BRF:15
BRH:10
end_of_record
TN:
SF:C:\Users\Glenn\Documents\GitHub\mahjongmadness\src\app\shared\Services\auth.service.ts
FN:10,(anonymous_2)
FN:11,AuthService
FN:29,(anonymous_4)
FN:39,(anonymous_5)
FN:50,(anonymous_6)
FN:61,(anonymous_7)
FNF:6
FNH:3
FNDA:1,(anonymous_2)
FNDA:3,AuthService
FNDA:0,(anonymous_4)
FNDA:0,(anonymous_5)
FNDA:3,(anonymous_6)
FNDA:0,(anonymous_7)
DA:1,1
DA:4,1
DA:5,1
DA:6,1
DA:7,1
DA:10,1
DA:12,3
DA:15,3
DA:16,3
DA:17,3
DA:22,3
DA:23,3
DA:29,1
DA:30,0
DA:31,0
DA:32,0
DA:33,0
DA:34,0
DA:36,0
DA:39,1
DA:40,0
DA:41,0
DA:42,0
DA:44,0
DA:45,0
DA:47,0
DA:50,1
DA:51,3
DA:52,3
DA:53,3
DA:55,3
DA:56,0
DA:61,1
DA:62,0
DA:63,0
DA:64,0
DA:67,1
LF:37
LH:21
BRDA:51,0,0,3
BRDA:51,0,1,0
BRDA:51,1,0,3
BRDA:51,1,1,3
BRDA:55,2,0,0
BRDA:55,2,1,3
BRDA:55,3,0,3
BRDA:55,3,1,0
BRDA:62,4,0,0
BRDA:62,4,1,0
BRDA:62,5,0,0
BRDA:62,5,1,0
BRF:12
BRH:5
end_of_record
TN:
SF:C:\Users\Glenn\Documents\GitHub\mahjongmadness\src\app\shared\Services\game.service.ts
FN:15,(anonymous_2)
FN:20,GameService
FN:22,(anonymous_4)
FN:27,(anonymous_5)
FN:32,(anonymous_6)
FN:37,(anonymous_7)
FN:42,(anonymous_8)
FN:60,(anonymous_9)
FN:74,(anonymous_10)
FN:87,(anonymous_11)
FN:101,(anonymous_12)
FN:115,(anonymous_13)
FNF:12
FNH:1
FNDA:1,(anonymous_2)
FNDA:0,GameService
FNDA:0,(anonymous_4)
FNDA:0,(anonymous_5)
FNDA:0,(anonymous_6)
FNDA:0,(anonymous_7)
FNDA:0,(anonymous_8)
FNDA:0,(anonymous_9)
FNDA:0,(anonymous_10)
FNDA:0,(anonymous_11)
FNDA:0,(anonymous_12)
FNDA:0,(anonymous_13)
DA:1,1
DA:6,1
DA:8,1
DA:9,1
DA:10,1
DA:11,1
DA:15,1
DA:16,0
DA:20,0
DA:22,1
DA:23,0
DA:27,1
DA:28,0
DA:32,1
DA:33,0
DA:37,1
DA:38,0
DA:42,1
DA:43,0
DA:49,0
DA:51,0
DA:60,1
DA:61,0
DA:67,0
DA:69,0
DA:74,1
DA:75,0
DA:81,0
DA:83,0
DA:87,1
DA:88,0
DA:94,0
DA:96,0
DA:101,1
DA:102,0
DA:108,0
DA:110,0
DA:115,1
DA:116,0
DA:117,0
DA:118,0
DA:120,1
LF:42
LH:18
BRDA:118,0,0,0
BRDA:118,0,1,0
BRDA:20,1,0,1
BRDA:20,1,1,0
BRDA:20,2,0,1
BRDA:20,3,0,1
BRDA:20,3,1,1
BRDA:20,3,2,0
BRDA:20,4,0,1
BRDA:20,4,1,1
BRF:10
BRH:6
end_of_record
TN:
SF:C:\Users\Glenn\Documents\GitHub\mahjongmadness\src\app\shared\Services\tile.service.ts
FN:14,(anonymous_2)
FN:20,TileService
FN:22,(anonymous_4)
FN:26,(anonymous_5)
FN:50,(anonymous_6)
FNF:5
FNH:1
FNDA:1,(anonymous_2)
FNDA:0,TileService
FNDA:0,(anonymous_4)
FNDA:0,(anonymous_5)
FNDA:0,(anonymous_6)
DA:1,1
DA:5,1
DA:7,1
DA:8,1
DA:11,1
DA:14,1
DA:15,0
DA:20,0
DA:22,1
DA:23,0
DA:26,1
DA:28,0
DA:50,1
DA:51,0
DA:52,0
DA:53,0
DA:55,1
LF:17
LH:10
BRDA:53,0,0,0
BRDA:53,0,1,0
BRDA:20,1,0,1
BRDA:20,1,1,0
BRDA:20,2,0,1
BRDA:20,3,0,1
BRDA:20,3,1,1
BRDA:20,3,2,0
BRDA:20,4,0,1
BRDA:20,4,1,1
BRF:10
BRH:6
end_of_record
TN:
SF:C:\Users\Glenn\Documents\GitHub\mahjongmadness\src\app\shared\modules\majestic-md.module.ts
FN:35,(anonymous_1)
FN:35,MajesticMdModule
FNF:2
FNH:2
FNDA:1,(anonymous_1)
FNDA:3,MajesticMdModule
DA:1,1
DA:2,1
DA:35,1
LF:3
LH:3
BRF:0
BRH:0
end_of_record
TN:
SF:C:\Users\Glenn\Documents\GitHub\mahjongmadness\src\app\shared\modules\majestic-shared.module.ts
FN:38,(anonymous_1)
FN:38,MajesticSharedModule
FNF:2
FNH:2
FNDA:1,(anonymous_1)
FNDA:3,MajesticSharedModule
DA:1,1
DA:3,1
DA:4,1
DA:5,1
DA:6,1
DA:8,1
DA:10,1
DA:11,1
DA:38,1
LF:9
LH:9
BRF:0
BRH:0
end_of_record
TN:
SF:C:\Users\Glenn\Documents\GitHub\mahjongmadness\src\app\shell\Components\callback\auth-callback.component.ts
FN:11,(anonymous_2)
FN:12,AuthCallbackComponent
FN:14,(anonymous_4)
FNF:3
FNH:1
FNDA:1,(anonymous_2)
FNDA:0,AuthCallbackComponent
FNDA:0,(anonymous_4)
DA:1,1
DA:2,1
DA:3,1
DA:5,1
DA:11,1
DA:12,0
DA:14,1
DA:15,0
DA:16,0
DA:18,0
DA:19,0
DA:21,0
DA:23,1
LF:13
LH:7
BRDA:18,0,0,0
BRDA:18,0,1,0
BRDA:12,1,0,1
BRDA:12,1,1,0
BRDA:12,2,0,1
BRDA:12,3,0,1
BRDA:12,3,1,1
BRDA:12,3,2,0
BRDA:12,4,0,1
BRDA:12,4,1,1
BRDA:12,5,0,1
BRDA:12,5,1,1
BRDA:12,5,2,0
BRDA:12,6,0,1
BRDA:12,6,1,1
BRF:15
BRH:10
end_of_record
TN:
SF:C:\Users\Glenn\Documents\GitHub\mahjongmadness\src\app\shell\components\app\app.component.ts
FN:9,(anonymous_2)
FN:10,AppComponent
FN:17,(anonymous_4)
FN:19,(anonymous_5)
FNF:4
FNH:1
FNDA:1,(anonymous_2)
FNDA:0,AppComponent
FNDA:0,(anonymous_4)
FNDA:0,(anonymous_5)
DA:1,1
DA:2,1
DA:9,1
DA:10,0
DA:11,0
DA:15,0
DA:17,1
DA:18,0
DA:20,0
DA:23,1
LF:10
LH:5
BRDA:10,0,0,1
BRDA:10,0,1,0
BRDA:10,1,0,1
BRF:3
BRH:2
end_of_record
TN:
SF:C:\Users\Glenn\Documents\GitHub\mahjongmadness\src\app\shell\modules\app-routing.module.ts
FN:31,(anonymous_1)
FN:31,AppRoutingModule
FNF:2
FNH:2
FNDA:1,(anonymous_1)
FNDA:3,AppRoutingModule
DA:1,1
DA:2,1
DA:4,1
DA:9,1
DA:11,1
DA:31,1
LF:6
LH:6
BRF:0
BRH:0
end_of_record
